TN:
SF:src/App.tsx
FN:90,(anonymous_0)
FN:96,(anonymous_1)
FN:202,(anonymous_2)
FNF:3
FNH:0
FNDA:0,(anonymous_0)
FNDA:0,(anonymous_1)
FNDA:0,(anonymous_2)
DA:1,0
DA:2,0
DA:3,0
DA:4,0
DA:16,0
DA:17,0
DA:18,0
DA:19,0
DA:20,0
DA:21,0
DA:22,0
DA:23,0
DA:24,0
DA:25,0
DA:26,0
DA:27,0
DA:28,0
DA:29,0
DA:31,0
DA:34,0
DA:90,0
DA:91,0
DA:92,0
DA:93,0
DA:94,0
DA:96,0
DA:97,0
DA:100,0
DA:202,0
DA:203,0
DA:223,0
LF:31
LH:0
BRDA:124,0,0,0
BRDA:124,0,1,0
BRDA:158,1,0,0
BRDA:158,1,1,0
BRDA:161,2,0,0
BRDA:161,2,1,0
BRDA:166,3,0,0
BRDA:166,3,1,0
BRDA:169,4,0,0
BRDA:169,4,1,0
BRF:10
BRH:0
end_of_record
TN:
SF:src/components/BacktestAnalysis.tsx
FN:11,(anonymous_0)
FN:22,(anonymous_1)
FN:26,(anonymous_2)
FN:31,(anonymous_3)
FN:38,(anonymous_4)
FN:62,(anonymous_5)
FN:66,(anonymous_6)
FN:93,(anonymous_7)
FN:99,(anonymous_8)
FN:113,(anonymous_9)
FN:116,(anonymous_10)
FN:422,(anonymous_11)
FNF:12
FNH:0
FNDA:0,(anonymous_0)
FNDA:0,(anonymous_1)
FNDA:0,(anonymous_2)
FNDA:0,(anonymous_3)
FNDA:0,(anonymous_4)
FNDA:0,(anonymous_5)
FNDA:0,(anonymous_6)
FNDA:0,(anonymous_7)
FNDA:0,(anonymous_8)
FNDA:0,(anonymous_9)
FNDA:0,(anonymous_10)
FNDA:0,(anonymous_11)
DA:1,0
DA:2,0
DA:3,0
DA:4,0
DA:5,0
DA:6,0
DA:8,0
DA:9,0
DA:11,0
DA:12,0
DA:13,0
DA:14,0
DA:20,0
DA:22,0
DA:24,0
DA:26,0
DA:27,0
DA:31,0
DA:32,0
DA:33,0
DA:34,0
DA:35,0
DA:38,0
DA:39,0
DA:54,0
DA:57,0
DA:58,0
DA:62,0
DA:63,0
DA:66,0
DA:67,0
DA:68,0
DA:73,0
DA:83,0
DA:93,0
DA:100,0
DA:115,0
DA:116,0
DA:117,0
DA:118,0
DA:127,0
DA:422,0
DA:469,0
LF:43
LH:0
BRDA:67,0,0,0
BRDA:67,0,1,0
BRDA:100,1,0,0
BRDA:100,1,1,0
BRDA:117,2,0,0
BRDA:117,2,1,0
BRDA:119,3,0,0
BRDA:119,3,1,0
BRDA:120,4,0,0
BRDA:120,4,1,0
BRDA:211,5,0,0
BRDA:211,5,1,0
BRDA:231,6,0,0
BRDA:231,6,1,0
BRDA:247,7,0,0
BRDA:247,7,1,0
BRDA:423,8,0,0
BRDA:423,8,1,0
BRDA:424,9,0,0
BRDA:424,9,1,0
BRF:20
BRH:0
end_of_record
TN:
SF:src/components/Dashboard.tsx
FN:19,(anonymous_0)
FN:37,(anonymous_1)
FN:39,(anonymous_2)
FN:53,(anonymous_3)
FN:72,(anonymous_4)
FN:90,(anonymous_5)
FN:100,(anonymous_6)
FN:110,(anonymous_7)
FN:115,(anonymous_8)
FN:117,(anonymous_9)
FN:119,(anonymous_10)
FN:120,(anonymous_11)
FN:276,(anonymous_12)
FNF:13
FNH:0
FNDA:0,(anonymous_0)
FNDA:0,(anonymous_1)
FNDA:0,(anonymous_2)
FNDA:0,(anonymous_3)
FNDA:0,(anonymous_4)
FNDA:0,(anonymous_5)
FNDA:0,(anonymous_6)
FNDA:0,(anonymous_7)
FNDA:0,(anonymous_8)
FNDA:0,(anonymous_9)
FNDA:0,(anonymous_10)
FNDA:0,(anonymous_11)
FNDA:0,(anonymous_12)
DA:1,0
DA:2,0
DA:3,0
DA:14,0
DA:15,0
DA:16,0
DA:17,0
DA:19,0
DA:20,0
DA:35,0
DA:37,0
DA:39,0
DA:40,0
DA:41,0
DA:44,0
DA:47,0
DA:50,0
DA:53,0
DA:54,0
DA:59,0
DA:72,0
DA:80,0
DA:91,0
DA:101,0
DA:110,0
DA:115,0
DA:116,0
DA:117,0
DA:119,0
DA:120,0
DA:122,0
DA:276,0
DA:351,0
LF:33
LH:0
BRDA:59,0,0,0
BRDA:59,0,1,0
BRDA:91,1,0,0
BRDA:91,1,1,0
BRDA:101,2,0,0
BRDA:101,2,1,0
BRDA:102,3,0,0
BRDA:102,3,1,0
BRDA:116,4,0,0
BRDA:116,4,1,0
BRDA:119,5,0,0
BRDA:119,5,1,0
BRDA:120,6,0,0
BRDA:120,6,1,0
BRDA:124,7,0,0
BRDA:124,7,1,0
BRDA:136,8,0,0
BRDA:136,8,1,0
BRDA:138,9,0,0
BRDA:138,9,1,0
BRDA:140,10,0,0
BRDA:140,10,1,0
BRDA:144,11,0,0
BRDA:144,11,1,0
BRDA:150,12,0,0
BRDA:150,12,1,0
BRDA:150,12,2,0
BRDA:152,13,0,0
BRDA:152,13,1,0
BRDA:154,14,0,0
BRDA:154,14,1,0
BRDA:179,15,0,0
BRDA:179,15,1,0
BRDA:180,16,0,0
BRDA:180,16,1,0
BRDA:189,17,0,0
BRDA:189,17,1,0
BRDA:190,18,0,0
BRDA:190,18,1,0
BRDA:242,19,0,0
BRDA:242,19,1,0
BRDA:245,20,0,0
BRDA:245,20,1,0
BRDA:247,21,0,0
BRDA:247,21,1,0
BRDA:296,22,0,0
BRDA:296,22,1,0
BRDA:325,23,0,0
BRDA:325,23,1,0
BRDA:328,24,0,0
BRDA:328,24,1,0
BRDA:333,25,0,0
BRDA:333,25,1,0
BRDA:334,26,0,0
BRDA:334,26,1,0
BRDA:339,27,0,0
BRDA:339,27,1,0
BRDA:340,28,0,0
BRDA:340,28,1,0
BRF:59
BRH:0
end_of_record
TN:
SF:src/components/DynamicPositionConfig.tsx
FN:12,(anonymous_0)
FN:15,(anonymous_1)
FNF:2
FNH:0
FNDA:0,(anonymous_0)
FNDA:0,(anonymous_1)
DA:1,0
DA:2,0
DA:3,0
DA:5,0
DA:12,0
DA:13,0
DA:15,0
DA:16,0
DA:19,0
DA:43,0
DA:44,0
DA:47,0
DA:423,0
LF:13
LH:0
BRDA:12,0,0,0
BRF:1
BRH:0
end_of_record
TN:
SF:src/components/DynamicPositionStrategy.tsx
FN:62,(anonymous_0)
FN:77,(anonymous_1)
FN:84,(anonymous_2)
FN:90,(anonymous_3)
FN:132,(anonymous_4)
FN:134,(anonymous_5)
FN:135,(anonymous_6)
FN:139,(anonymous_7)
FN:140,(anonymous_8)
FN:148,(anonymous_9)
FN:149,(anonymous_10)
FN:160,(anonymous_11)
FN:161,(anonymous_12)
FN:166,(anonymous_13)
FN:177,(anonymous_14)
FN:189,(anonymous_15)
FN:201,(anonymous_16)
FN:213,(anonymous_17)
FN:225,(anonymous_18)
FN:237,(anonymous_19)
FN:279,(anonymous_20)
FN:288,(anonymous_21)
FN:301,(anonymous_22)
FN:369,(anonymous_23)
FN:420,(anonymous_24)
FN:439,(anonymous_25)
FN:445,(anonymous_26)
FN:460,(anonymous_27)
FN:470,(anonymous_28)
FN:476,(anonymous_29)
FN:486,(anonymous_30)
FN:492,(anonymous_31)
FN:498,(anonymous_32)
FN:504,(anonymous_33)
FN:514,(anonymous_34)
FN:519,(anonymous_35)
FN:523,(anonymous_36)
FN:557,(anonymous_37)
FN:564,(anonymous_38)
FN:565,(anonymous_39)
FNF:40
FNH:0
FNDA:0,(anonymous_0)
FNDA:0,(anonymous_1)
FNDA:0,(anonymous_2)
FNDA:0,(anonymous_3)
FNDA:0,(anonymous_4)
FNDA:0,(anonymous_5)
FNDA:0,(anonymous_6)
FNDA:0,(anonymous_7)
FNDA:0,(anonymous_8)
FNDA:0,(anonymous_9)
FNDA:0,(anonymous_10)
FNDA:0,(anonymous_11)
FNDA:0,(anonymous_12)
FNDA:0,(anonymous_13)
FNDA:0,(anonymous_14)
FNDA:0,(anonymous_15)
FNDA:0,(anonymous_16)
FNDA:0,(anonymous_17)
FNDA:0,(anonymous_18)
FNDA:0,(anonymous_19)
FNDA:0,(anonymous_20)
FNDA:0,(anonymous_21)
FNDA:0,(anonymous_22)
FNDA:0,(anonymous_23)
FNDA:0,(anonymous_24)
FNDA:0,(anonymous_25)
FNDA:0,(anonymous_26)
FNDA:0,(anonymous_27)
FNDA:0,(anonymous_28)
FNDA:0,(anonymous_29)
FNDA:0,(anonymous_30)
FNDA:0,(anonymous_31)
FNDA:0,(anonymous_32)
FNDA:0,(anonymous_33)
FNDA:0,(anonymous_34)
FNDA:0,(anonymous_35)
FNDA:0,(anonymous_36)
FNDA:0,(anonymous_37)
FNDA:0,(anonymous_38)
FNDA:0,(anonymous_39)
DA:6,0
DA:7,0
DA:28,0
DA:42,0
DA:54,0
DA:55,0
DA:62,0
DA:64,0
DA:65,0
DA:66,0
DA:67,0
DA:68,0
DA:69,0
DA:70,0
DA:71,0
DA:74,0
DA:77,0
DA:78,0
DA:79,0
DA:82,0
DA:84,0
DA:85,0
DA:90,0
DA:91,0
DA:92,0
DA:95,0
DA:96,0
DA:99,0
DA:100,0
DA:103,0
DA:104,0
DA:107,0
DA:108,0
DA:111,0
DA:112,0
DA:115,0
DA:116,0
DA:117,0
DA:121,0
DA:122,0
DA:127,0
DA:132,0
DA:134,0
DA:135,0
DA:139,0
DA:140,0
DA:141,0
DA:148,0
DA:149,0
DA:151,0
DA:152,0
DA:160,0
DA:161,0
DA:166,0
DA:167,0
DA:169,0
DA:170,0
DA:172,0
DA:177,0
DA:178,0
DA:179,0
DA:180,0
DA:181,0
DA:183,0
DA:185,0
DA:189,0
DA:190,0
DA:191,0
DA:192,0
DA:193,0
DA:195,0
DA:197,0
DA:201,0
DA:202,0
DA:203,0
DA:204,0
DA:205,0
DA:207,0
DA:209,0
DA:213,0
DA:214,0
DA:215,0
DA:216,0
DA:217,0
DA:219,0
DA:221,0
DA:225,0
DA:226,0
DA:227,0
DA:228,0
DA:229,0
DA:231,0
DA:233,0
DA:237,0
DA:238,0
DA:239,0
DA:242,0
DA:268,0
DA:269,0
DA:270,0
DA:271,0
DA:273,0
DA:275,0
DA:279,0
DA:280,0
DA:281,0
DA:282,0
DA:284,0
DA:288,0
DA:289,0
DA:290,0
DA:291,0
DA:292,0
DA:294,0
DA:296,0
DA:301,0
DA:302,0
DA:304,0
DA:306,0
DA:369,0
DA:370,0
DA:372,0
DA:373,0
DA:374,0
DA:375,0
DA:377,0
DA:420,0
DA:439,0
DA:440,0
DA:442,0
DA:446,0
DA:460,0
DA:461,0
DA:463,0
DA:465,0
DA:470,0
DA:477,0
DA:486,0
DA:492,0
DA:498,0
DA:505,0
DA:514,0
DA:520,0
DA:523,0
DA:531,0
DA:557,0
DA:558,0
DA:560,0
DA:564,0
DA:565,0
DA:712,0
DA:740,0
LF:152
LH:0
BRDA:115,0,0,0
BRDA:115,0,1,0
BRDA:135,1,0,0
BRDA:135,1,1,0
BRDA:151,2,0,0
BRDA:151,2,1,0
BRDA:151,3,0,0
BRDA:151,3,1,0
BRDA:302,4,0,0
BRDA:302,4,1,0
BRDA:314,5,0,0
BRDA:314,5,1,0
BRDA:318,6,0,0
BRDA:318,6,1,0
BRDA:346,7,0,0
BRDA:346,7,1,0
BRDA:348,8,0,0
BRDA:348,8,1,0
BRDA:370,9,0,0
BRDA:370,9,1,0
BRDA:384,10,0,0
BRDA:384,10,1,0
BRDA:393,11,0,0
BRDA:393,11,1,0
BRDA:402,12,0,0
BRDA:402,12,1,0
BRDA:440,13,0,0
BRDA:440,13,1,0
BRDA:449,14,0,0
BRDA:449,14,1,0
BRDA:449,15,0,0
BRDA:449,15,1,0
BRDA:461,16,0,0
BRDA:461,16,1,0
BRDA:477,17,0,0
BRDA:477,17,1,0
BRDA:478,18,0,0
BRDA:478,18,1,0
BRDA:505,19,0,0
BRDA:505,19,1,0
BRDA:558,20,0,0
BRDA:558,20,1,0
BRF:42
BRH:0
end_of_record
TN:
SF:src/components/ProfitAnalysis.tsx
FN:52,(anonymous_0)
FN:61,(anonymous_1)
FN:65,(anonymous_2)
FN:71,(anonymous_3)
FN:72,(anonymous_4)
FN:73,(anonymous_5)
FN:76,(anonymous_6)
FN:77,(anonymous_7)
FN:79,(anonymous_8)
FN:83,(anonymous_9)
FN:92,(anonymous_10)
FN:98,(anonymous_11)
FN:111,(anonymous_12)
FN:127,(anonymous_13)
FN:148,(anonymous_14)
FN:161,(anonymous_15)
FN:272,(anonymous_16)
FN:286,(anonymous_17)
FN:323,(anonymous_18)
FN:325,(anonymous_19)
FN:336,(anonymous_20)
FNF:21
FNH:0
FNDA:0,(anonymous_0)
FNDA:0,(anonymous_1)
FNDA:0,(anonymous_2)
FNDA:0,(anonymous_3)
FNDA:0,(anonymous_4)
FNDA:0,(anonymous_5)
FNDA:0,(anonymous_6)
FNDA:0,(anonymous_7)
FNDA:0,(anonymous_8)
FNDA:0,(anonymous_9)
FNDA:0,(anonymous_10)
FNDA:0,(anonymous_11)
FNDA:0,(anonymous_12)
FNDA:0,(anonymous_13)
FNDA:0,(anonymous_14)
FNDA:0,(anonymous_15)
FNDA:0,(anonymous_16)
FNDA:0,(anonymous_17)
FNDA:0,(anonymous_18)
FNDA:0,(anonymous_19)
FNDA:0,(anonymous_20)
DA:1,0
DA:2,0
DA:3,0
DA:11,0
DA:26,0
DA:27,0
DA:29,0
DA:32,0
DA:35,0
DA:45,0
DA:52,0
DA:53,0
DA:59,0
DA:61,0
DA:63,0
DA:65,0
DA:66,0
DA:71,0
DA:72,0
DA:73,0
DA:74,0
DA:75,0
DA:76,0
DA:77,0
DA:79,0
DA:80,0
DA:83,0
DA:84,0
DA:87,0
DA:92,0
DA:99,0
DA:112,0
DA:128,0
DA:129,0
DA:138,0
DA:149,0
DA:162,0
DA:167,0
DA:272,0
DA:286,0
DA:323,0
DA:326,0
DA:336,0
DA:398,0
LF:44
LH:0
BRDA:101,0,0,0
BRDA:101,0,1,0
BRDA:102,1,0,0
BRDA:102,1,1,0
BRDA:114,2,0,0
BRDA:114,2,1,0
BRDA:130,3,0,0
BRDA:130,3,1,0
BRDA:131,4,0,0
BRDA:131,4,1,0
BRDA:177,5,0,0
BRDA:177,5,1,0
BRDA:180,6,0,0
BRDA:180,6,1,0
BRDA:182,7,0,0
BRDA:182,7,1,0
BRDA:209,8,0,0
BRDA:209,8,1,0
BRDA:210,9,0,0
BRDA:210,9,1,0
BRDA:220,10,0,0
BRDA:220,10,1,0
BRDA:288,11,0,0
BRDA:288,11,1,0
BRF:24
BRH:0
end_of_record
TN:
SF:src/components/RealTimeTrading.tsx
FN:57,(anonymous_0)
FN:77,(anonymous_1)
FN:82,(anonymous_2)
FN:90,(anonymous_3)
FN:138,(anonymous_4)
FN:140,(anonymous_5)
FN:158,(anonymous_6)
FN:160,(anonymous_7)
FN:175,(anonymous_8)
FN:176,(anonymous_9)
FN:180,(anonymous_10)
FN:181,(anonymous_11)
FN:185,(anonymous_12)
FN:186,(anonymous_13)
FN:191,(anonymous_14)
FN:192,(anonymous_15)
FN:216,(anonymous_16)
FN:264,(anonymous_17)
FN:313,(anonymous_18)
FN:338,(anonymous_19)
FN:348,(anonymous_20)
FN:358,(anonymous_21)
FN:377,(anonymous_22)
FN:413,(anonymous_23)
FN:426,(anonymous_24)
FN:432,(anonymous_25)
FN:439,(anonymous_26)
FN:449,(anonymous_27)
FN:463,(anonymous_28)
FN:483,(anonymous_29)
FN:489,(anonymous_30)
FN:496,(anonymous_31)
FN:506,(anonymous_32)
FN:513,(anonymous_33)
FN:520,(anonymous_34)
FN:527,(anonymous_35)
FN:552,(anonymous_36)
FN:553,(anonymous_37)
FNF:38
FNH:0
FNDA:0,(anonymous_0)
FNDA:0,(anonymous_1)
FNDA:0,(anonymous_2)
FNDA:0,(anonymous_3)
FNDA:0,(anonymous_4)
FNDA:0,(anonymous_5)
FNDA:0,(anonymous_6)
FNDA:0,(anonymous_7)
FNDA:0,(anonymous_8)
FNDA:0,(anonymous_9)
FNDA:0,(anonymous_10)
FNDA:0,(anonymous_11)
FNDA:0,(anonymous_12)
FNDA:0,(anonymous_13)
FNDA:0,(anonymous_14)
FNDA:0,(anonymous_15)
FNDA:0,(anonymous_16)
FNDA:0,(anonymous_17)
FNDA:0,(anonymous_18)
FNDA:0,(anonymous_19)
FNDA:0,(anonymous_20)
FNDA:0,(anonymous_21)
FNDA:0,(anonymous_22)
FNDA:0,(anonymous_23)
FNDA:0,(anonymous_24)
FNDA:0,(anonymous_25)
FNDA:0,(anonymous_26)
FNDA:0,(anonymous_27)
FNDA:0,(anonymous_28)
FNDA:0,(anonymous_29)
FNDA:0,(anonymous_30)
FNDA:0,(anonymous_31)
FNDA:0,(anonymous_32)
FNDA:0,(anonymous_33)
FNDA:0,(anonymous_34)
FNDA:0,(anonymous_35)
FNDA:0,(anonymous_36)
FNDA:0,(anonymous_37)
DA:6,0
DA:7,0
DA:25,0
DA:36,0
DA:37,0
DA:49,0
DA:57,0
DA:62,0
DA:63,0
DA:64,0
DA:65,0
DA:66,0
DA:67,0
DA:68,0
DA:69,0
DA:70,0
DA:73,0
DA:74,0
DA:77,0
DA:78,0
DA:79,0
DA:80,0
DA:82,0
DA:83,0
DA:84,0
DA:90,0
DA:91,0
DA:92,0
DA:95,0
DA:96,0
DA:99,0
DA:100,0
DA:103,0
DA:104,0
DA:107,0
DA:108,0
DA:111,0
DA:112,0
DA:115,0
DA:116,0
DA:119,0
DA:120,0
DA:121,0
DA:123,0
DA:126,0
DA:127,0
DA:128,0
DA:133,0
DA:138,0
DA:140,0
DA:141,0
DA:142,0
DA:145,0
DA:152,0
DA:153,0
DA:158,0
DA:159,0
DA:160,0
DA:163,0
DA:166,0
DA:175,0
DA:176,0
DA:180,0
DA:181,0
DA:185,0
DA:186,0
DA:191,0
DA:192,0
DA:193,0
DA:195,0
DA:196,0
DA:199,0
DA:200,0
DA:203,0
DA:204,0
DA:206,0
DA:209,0
DA:210,0
DA:216,0
DA:217,0
DA:219,0
DA:220,0
DA:222,0
DA:264,0
DA:265,0
DA:267,0
DA:268,0
DA:270,0
DA:313,0
DA:314,0
DA:316,0
DA:339,0
DA:349,0
DA:358,0
DA:369,0
DA:377,0
DA:378,0
DA:380,0
DA:383,0
DA:387,0
DA:413,0
DA:418,0
DA:426,0
DA:427,0
DA:432,0
DA:440,0
DA:441,0
DA:450,0
DA:463,0
DA:468,0
DA:483,0
DA:484,0
DA:489,0
DA:497,0
DA:498,0
DA:506,0
DA:513,0
DA:520,0
DA:528,0
DA:531,0
DA:537,0
DA:552,0
DA:553,0
DA:571,0
DA:578,0
DA:579,0
DA:587,0
DA:634,0
LF:128
LH:0
BRDA:58,0,0,0
BRDA:59,1,0,0
BRDA:83,2,0,0
BRDA:83,2,1,0
BRDA:141,3,0,0
BRDA:141,3,1,0
BRDA:159,4,0,0
BRDA:159,4,1,0
BRDA:163,5,0,0
BRDA:163,5,1,0
BRDA:164,6,0,0
BRDA:164,6,1,0
BRDA:186,7,0,0
BRDA:186,7,1,0
BRDA:217,8,0,0
BRDA:217,8,1,0
BRDA:219,9,0,0
BRDA:219,9,1,0
BRDA:219,10,0,0
BRDA:219,10,1,0
BRDA:220,11,0,0
BRDA:220,11,1,0
BRDA:220,12,0,0
BRDA:220,12,1,0
BRDA:253,13,0,0
BRDA:253,13,1,0
BRDA:254,14,0,0
BRDA:254,14,1,0
BRDA:255,15,0,0
BRDA:255,15,1,0
BRDA:265,16,0,0
BRDA:265,16,1,0
BRDA:267,17,0,0
BRDA:267,17,1,0
BRDA:268,18,0,0
BRDA:268,18,1,0
BRDA:314,19,0,0
BRDA:314,19,1,0
BRDA:378,20,0,0
BRDA:378,20,1,0
BRDA:383,21,0,0
BRDA:383,21,1,0
BRDA:384,22,0,0
BRDA:384,22,1,0
BRDA:385,23,0,0
BRDA:385,23,1,0
BRDA:440,24,0,0
BRDA:440,24,1,0
BRDA:440,25,0,0
BRDA:440,25,1,0
BRDA:454,26,0,0
BRDA:454,26,1,0
BRDA:454,27,0,0
BRDA:454,27,1,0
BRDA:497,28,0,0
BRDA:497,28,1,0
BRDA:520,29,0,0
BRDA:520,29,1,0
BRDA:528,30,0,0
BRDA:528,30,1,0
BRDA:529,31,0,0
BRDA:529,31,1,0
BRDA:530,32,0,0
BRDA:530,32,1,0
BRDA:578,33,0,0
BRDA:578,33,1,0
BRF:66
BRH:0
end_of_record
TN:
SF:src/components/RiskManagement.tsx
FN:5,(anonymous_0)
FN:24,(anonymous_1)
FN:44,(anonymous_2)
FN:53,(anonymous_3)
FN:134,(anonymous_4)
FNF:5
FNH:0
FNDA:0,(anonymous_0)
FNDA:0,(anonymous_1)
FNDA:0,(anonymous_2)
FNDA:0,(anonymous_3)
FNDA:0,(anonymous_4)
DA:1,0
DA:2,0
DA:3,0
DA:5,0
DA:6,0
DA:7,0
DA:24,0
DA:25,0
DA:26,0
DA:27,0
DA:30,0
DA:34,0
DA:45,0
DA:46,0
DA:54,0
DA:55,0
DA:65,0
DA:135,0
DA:350,0
LF:19
LH:0
BRDA:45,0,0,0
BRDA:45,0,1,0
BRDA:45,1,0,0
BRDA:45,1,1,0
BRDA:46,2,0,0
BRDA:46,2,1,0
BRDA:46,3,0,0
BRDA:46,3,1,0
BRDA:54,4,0,0
BRDA:54,4,1,0
BRDA:54,5,0,0
BRDA:54,5,1,0
BRDA:55,6,0,0
BRDA:55,6,1,0
BRDA:55,7,0,0
BRDA:55,7,1,0
BRF:16
BRH:0
end_of_record
TN:
SF:src/components/StrategyCard.tsx
FN:24,(anonymous_0)
FN:33,(anonymous_1)
FN:46,(anonymous_2)
FN:55,(anonymous_3)
FN:72,(anonymous_4)
FN:81,(anonymous_5)
FN:98,(anonymous_6)
FN:105,(anonymous_7)
FN:112,(anonymous_8)
FN:219,(anonymous_9)
FN:228,(anonymous_10)
FN:238,(anonymous_11)
FNF:12
FNH:0
FNDA:0,(anonymous_0)
FNDA:0,(anonymous_1)
FNDA:0,(anonymous_2)
FNDA:0,(anonymous_3)
FNDA:0,(anonymous_4)
FNDA:0,(anonymous_5)
FNDA:0,(anonymous_6)
FNDA:0,(anonymous_7)
FNDA:0,(anonymous_8)
FNDA:0,(anonymous_9)
FNDA:0,(anonymous_10)
FNDA:0,(anonymous_11)
DA:1,0
DA:2,0
DA:3,0
DA:24,0
DA:33,0
DA:34,0
DA:36,0
DA:38,0
DA:40,0
DA:42,0
DA:46,0
DA:47,0
DA:49,0
DA:51,0
DA:55,0
DA:56,0
DA:58,0
DA:60,0
DA:62,0
DA:64,0
DA:66,0
DA:68,0
DA:72,0
DA:73,0
DA:74,0
DA:75,0
DA:76,0
DA:78,0
DA:81,0
DA:82,0
DA:83,0
DA:84,0
DA:87,0
DA:89,0
DA:98,0
DA:105,0
DA:112,0
DA:219,0
DA:228,0
DA:238,0
DA:247,0
LF:41
LH:0
BRDA:34,0,0,0
BRDA:34,0,1,0
BRDA:34,0,2,0
BRDA:34,0,3,0
BRDA:47,1,0,0
BRDA:47,1,1,0
BRDA:56,2,0,0
BRDA:56,2,1,0
BRDA:56,2,2,0
BRDA:56,2,3,0
BRDA:56,2,4,0
BRDA:56,2,5,0
BRDA:75,3,0,0
BRDA:75,3,1,0
BRDA:82,4,0,0
BRDA:82,4,1,0
BRDA:83,5,0,0
BRDA:83,5,1,0
BRDA:141,6,0,0
BRDA:141,6,1,0
BRDA:144,7,0,0
BRDA:144,7,1,0
BRDA:183,8,0,0
BRDA:183,8,1,0
BRDA:196,9,0,0
BRDA:196,9,1,0
BRDA:200,10,0,0
BRDA:200,10,1,0
BRDA:205,11,0,0
BRDA:205,11,1,0
BRDA:214,12,0,0
BRDA:214,12,1,0
BRF:32
BRH:0
end_of_record
TN:
SF:src/components/StrategyDetails.tsx
FN:34,(anonymous_0)
FN:113,(anonymous_1)
FN:116,(anonymous_2)
FN:118,(anonymous_3)
FN:125,(anonymous_4)
FN:132,(anonymous_5)
FN:135,(anonymous_6)
FN:148,(anonymous_7)
FN:157,(anonymous_8)
FN:174,(anonymous_9)
FN:187,(anonymous_10)
FN:197,(anonymous_11)
FN:251,(anonymous_12)
FN:299,(anonymous_13)
FN:308,(anonymous_14)
FN:439,(anonymous_15)
FN:456,(anonymous_16)
FN:462,(anonymous_17)
FN:469,(anonymous_18)
FN:480,(anonymous_19)
FN:493,(anonymous_20)
FN:500,(anonymous_21)
FN:524,(anonymous_22)
FN:530,(anonymous_23)
FN:537,(anonymous_24)
FN:548,(anonymous_25)
FN:555,(anonymous_26)
FN:562,(anonymous_27)
FN:572,(anonymous_28)
FN:592,(anonymous_29)
FN:593,(anonymous_30)
FN:603,(anonymous_31)
FN:649,(anonymous_32)
FN:657,(anonymous_33)
FN:664,(anonymous_34)
FN:671,(anonymous_35)
FNF:36
FNH:0
FNDA:0,(anonymous_0)
FNDA:0,(anonymous_1)
FNDA:0,(anonymous_2)
FNDA:0,(anonymous_3)
FNDA:0,(anonymous_4)
FNDA:0,(anonymous_5)
FNDA:0,(anonymous_6)
FNDA:0,(anonymous_7)
FNDA:0,(anonymous_8)
FNDA:0,(anonymous_9)
FNDA:0,(anonymous_10)
FNDA:0,(anonymous_11)
FNDA:0,(anonymous_12)
FNDA:0,(anonymous_13)
FNDA:0,(anonymous_14)
FNDA:0,(anonymous_15)
FNDA:0,(anonymous_16)
FNDA:0,(anonymous_17)
FNDA:0,(anonymous_18)
FNDA:0,(anonymous_19)
FNDA:0,(anonymous_20)
FNDA:0,(anonymous_21)
FNDA:0,(anonymous_22)
FNDA:0,(anonymous_23)
FNDA:0,(anonymous_24)
FNDA:0,(anonymous_25)
FNDA:0,(anonymous_26)
FNDA:0,(anonymous_27)
FNDA:0,(anonymous_28)
FNDA:0,(anonymous_29)
FNDA:0,(anonymous_30)
FNDA:0,(anonymous_31)
FNDA:0,(anonymous_32)
FNDA:0,(anonymous_33)
FNDA:0,(anonymous_34)
FNDA:0,(anonymous_35)
DA:1,0
DA:2,0
DA:3,0
DA:22,0
DA:34,0
DA:44,0
DA:45,0
DA:52,0
DA:61,0
DA:77,0
DA:97,0
DA:113,0
DA:114,0
DA:116,0
DA:118,0
DA:125,0
DA:132,0
DA:135,0
DA:136,0
DA:138,0
DA:140,0
DA:142,0
DA:144,0
DA:148,0
DA:149,0
DA:151,0
DA:153,0
DA:157,0
DA:158,0
DA:160,0
DA:162,0
DA:164,0
DA:166,0
DA:168,0
DA:170,0
DA:174,0
DA:175,0
DA:177,0
DA:179,0
DA:181,0
DA:183,0
DA:187,0
DA:188,0
DA:189,0
DA:190,0
DA:191,0
DA:193,0
DA:197,0
DA:198,0
DA:251,0
DA:252,0
DA:299,0
DA:300,0
DA:301,0
DA:302,0
DA:305,0
DA:308,0
DA:309,0
DA:439,0
DA:440,0
DA:456,0
DA:457,0
DA:462,0
DA:470,0
DA:481,0
DA:493,0
DA:501,0
DA:509,0
DA:524,0
DA:525,0
DA:530,0
DA:538,0
DA:548,0
DA:555,0
DA:563,0
DA:564,0
DA:572,0
DA:577,0
DA:592,0
DA:593,0
DA:594,0
DA:595,0
DA:596,0
DA:597,0
DA:598,0
DA:599,0
DA:603,0
DA:625,0
DA:632,0
DA:649,0
DA:657,0
DA:664,0
DA:671,0
DA:740,0
LF:94
LH:0
BRDA:114,0,0,0
BRDA:114,0,1,0
BRDA:136,1,0,0
BRDA:136,1,1,0
BRDA:136,1,2,0
BRDA:136,1,3,0
BRDA:149,2,0,0
BRDA:149,2,1,0
BRDA:158,3,0,0
BRDA:158,3,1,0
BRDA:158,3,2,0
BRDA:158,3,3,0
BRDA:158,3,4,0
BRDA:158,3,5,0
BRDA:175,4,0,0
BRDA:175,4,1,0
BRDA:175,4,2,0
BRDA:175,4,3,0
BRDA:190,5,0,0
BRDA:190,5,1,0
BRDA:208,6,0,0
BRDA:208,6,1,0
BRDA:218,7,0,0
BRDA:218,7,1,0
BRDA:221,8,0,0
BRDA:221,8,1,0
BRDA:259,9,0,0
BRDA:259,9,1,0
BRDA:287,10,0,0
BRDA:287,10,1,0
BRDA:290,11,0,0
BRDA:290,11,1,0
BRDA:300,12,0,0
BRDA:300,12,1,0
BRDA:301,13,0,0
BRDA:301,13,1,0
BRDA:347,14,0,0
BRDA:347,14,1,0
BRDA:349,15,0,0
BRDA:349,15,1,0
BRDA:387,16,0,0
BRDA:387,16,1,0
BRDA:400,17,0,0
BRDA:400,17,1,0
BRDA:403,18,0,0
BRDA:403,18,1,0
BRDA:406,19,0,0
BRDA:406,19,1,0
BRDA:407,20,0,0
BRDA:407,20,1,0
BRDA:418,21,0,0
BRDA:418,21,1,0
BRDA:421,22,0,0
BRDA:421,22,1,0
BRDA:424,23,0,0
BRDA:424,23,1,0
BRDA:427,24,0,0
BRDA:427,24,1,0
BRDA:441,25,0,0
BRDA:441,25,1,0
BRDA:470,26,0,0
BRDA:470,26,1,0
BRDA:484,27,0,0
BRDA:484,27,1,0
BRDA:484,28,0,0
BRDA:484,28,1,0
BRDA:501,29,0,0
BRDA:501,29,1,0
BRDA:502,30,0,0
BRDA:502,30,1,0
BRDA:538,31,0,0
BRDA:538,31,1,0
BRDA:563,32,0,0
BRDA:563,32,1,0
BRDA:563,33,0,0
BRDA:563,33,1,0
BRDA:594,34,0,0
BRDA:594,34,1,0
BRDA:594,34,2,0
BRDA:594,34,3,0
BRDA:594,34,4,0
BRDA:645,35,0,0
BRDA:645,35,1,0
BRDA:678,36,0,0
BRDA:678,36,1,0
BRF:85
BRH:0
end_of_record
TN:
SF:src/components/StrategyManagement.tsx
FN:46,(anonymous_0)
FN:60,(anonymous_1)
FN:64,(anonymous_2)
FN:66,(anonymous_3)
FN:74,(anonymous_4)
FN:157,(anonymous_5)
FN:168,(anonymous_6)
FN:182,(anonymous_7)
FN:193,(anonymous_8)
FN:207,(anonymous_9)
FN:218,(anonymous_10)
FN:228,(anonymous_11)
FN:233,(anonymous_12)
FN:238,(anonymous_13)
FN:299,(anonymous_14)
FN:309,(anonymous_15)
FN:319,(anonymous_16)
FN:325,(anonymous_17)
FN:331,(anonymous_18)
FN:336,(anonymous_19)
FN:343,(anonymous_20)
FN:352,(anonymous_21)
FN:360,(anonymous_22)
FN:410,(anonymous_23)
FN:437,(anonymous_24)
FN:443,(anonymous_25)
FN:450,(anonymous_26)
FN:470,(anonymous_27)
FN:484,(anonymous_28)
FN:514,(anonymous_29)
FN:522,(anonymous_30)
FN:537,(anonymous_31)
FN:538,(anonymous_32)
FNF:33
FNH:0
FNDA:0,(anonymous_0)
FNDA:0,(anonymous_1)
FNDA:0,(anonymous_2)
FNDA:0,(anonymous_3)
FNDA:0,(anonymous_4)
FNDA:0,(anonymous_5)
FNDA:0,(anonymous_6)
FNDA:0,(anonymous_7)
FNDA:0,(anonymous_8)
FNDA:0,(anonymous_9)
FNDA:0,(anonymous_10)
FNDA:0,(anonymous_11)
FNDA:0,(anonymous_12)
FNDA:0,(anonymous_13)
FNDA:0,(anonymous_14)
FNDA:0,(anonymous_15)
FNDA:0,(anonymous_16)
FNDA:0,(anonymous_17)
FNDA:0,(anonymous_18)
FNDA:0,(anonymous_19)
FNDA:0,(anonymous_20)
FNDA:0,(anonymous_21)
FNDA:0,(anonymous_22)
FNDA:0,(anonymous_23)
FNDA:0,(anonymous_24)
FNDA:0,(anonymous_25)
FNDA:0,(anonymous_26)
FNDA:0,(anonymous_27)
FNDA:0,(anonymous_28)
FNDA:0,(anonymous_29)
FNDA:0,(anonymous_30)
FNDA:0,(anonymous_31)
FNDA:0,(anonymous_32)
DA:1,0
DA:2,0
DA:3,0
DA:4,0
DA:5,0
DA:6,0
DA:7,0
DA:8,0
DA:9,0
DA:11,0
DA:46,0
DA:47,0
DA:48,0
DA:49,0
DA:50,0
DA:51,0
DA:52,0
DA:53,0
DA:54,0
DA:55,0
DA:56,0
DA:58,0
DA:60,0
DA:61,0
DA:64,0
DA:66,0
DA:67,0
DA:68,0
DA:71,0
DA:74,0
DA:75,0
DA:76,0
DA:79,0
DA:81,0
DA:110,0
DA:127,0
DA:128,0
DA:131,0
DA:134,0
DA:135,0
DA:145,0
DA:146,0
DA:149,0
DA:150,0
DA:152,0
DA:153,0
DA:157,0
DA:158,0
DA:159,0
DA:160,0
DA:161,0
DA:162,0
DA:163,0
DA:167,0
DA:168,0
DA:169,0
DA:173,0
DA:174,0
DA:177,0
DA:178,0
DA:182,0
DA:183,0
DA:184,0
DA:185,0
DA:186,0
DA:187,0
DA:188,0
DA:192,0
DA:193,0
DA:194,0
DA:198,0
DA:199,0
DA:202,0
DA:203,0
DA:207,0
DA:208,0
DA:209,0
DA:210,0
DA:211,0
DA:212,0
DA:213,0
DA:217,0
DA:218,0
DA:219,0
DA:220,0
DA:223,0
DA:224,0
DA:228,0
DA:229,0
DA:230,0
DA:233,0
DA:234,0
DA:235,0
DA:238,0
DA:239,0
DA:240,0
DA:241,0
DA:243,0
DA:244,0
DA:267,0
DA:269,0
DA:280,0
DA:284,0
DA:300,0
DA:310,0
DA:319,0
DA:325,0
DA:331,0
DA:337,0
DA:343,0
DA:352,0
DA:361,0
DA:362,0
DA:363,0
DA:365,0
DA:366,0
DA:389,0
DA:391,0
DA:401,0
DA:410,0
DA:428,0
DA:437,0
DA:443,0
DA:451,0
DA:452,0
DA:453,0
DA:454,0
DA:455,0
DA:457,0
DA:471,0
DA:472,0
DA:473,0
DA:474,0
DA:485,0
DA:515,0
DA:516,0
DA:523,0
DA:524,0
DA:537,0
DA:539,0
DA:540,0
DA:648,0
LF:142
LH:0
BRDA:76,0,0,0
BRDA:76,0,1,0
BRDA:79,1,0,0
BRDA:79,1,1,0
BRDA:86,2,0,0
BRDA:86,2,1,0
BRDA:87,3,0,0
BRDA:87,3,1,0
BRDA:88,4,0,0
BRDA:88,4,1,0
BRDA:90,5,0,0
BRDA:90,5,1,0
BRDA:91,6,0,0
BRDA:91,6,1,0
BRDA:92,7,0,0
BRDA:92,7,1,0
BRDA:93,8,0,0
BRDA:93,8,1,0
BRDA:94,9,0,0
BRDA:94,9,1,0
BRDA:95,10,0,0
BRDA:95,10,1,0
BRDA:96,11,0,0
BRDA:96,11,1,0
BRDA:97,12,0,0
BRDA:97,12,1,0
BRDA:98,13,0,0
BRDA:98,13,1,0
BRDA:99,14,0,0
BRDA:99,14,1,0
BRDA:102,15,0,0
BRDA:102,15,1,0
BRDA:103,16,0,0
BRDA:103,16,1,0
BRDA:104,17,0,0
BRDA:104,17,1,0
BRDA:105,18,0,0
BRDA:105,18,1,0
BRDA:122,19,0,0
BRDA:122,19,1,0
BRDA:159,20,0,0
BRDA:159,20,1,0
BRDA:161,21,0,0
BRDA:161,21,1,0
BRDA:169,22,0,0
BRDA:169,22,1,0
BRDA:184,23,0,0
BRDA:184,23,1,0
BRDA:186,24,0,0
BRDA:186,24,1,0
BRDA:194,25,0,0
BRDA:194,25,1,0
BRDA:209,26,0,0
BRDA:209,26,1,0
BRDA:211,27,0,0
BRDA:211,27,1,0
BRDA:243,28,0,0
BRDA:243,28,1,0
BRDA:248,29,0,0
BRDA:248,29,1,0
BRDA:249,30,0,0
BRDA:249,30,1,0
BRDA:250,31,0,0
BRDA:250,31,1,0
BRDA:252,32,0,0
BRDA:252,32,1,0
BRDA:253,33,0,0
BRDA:253,33,1,0
BRDA:254,34,0,0
BRDA:254,34,1,0
BRDA:255,35,0,0
BRDA:255,35,1,0
BRDA:256,36,0,0
BRDA:256,36,1,0
BRDA:257,37,0,0
BRDA:257,37,1,0
BRDA:258,38,0,0
BRDA:258,38,1,0
BRDA:259,39,0,0
BRDA:259,39,1,0
BRDA:260,40,0,0
BRDA:260,40,1,0
BRDA:261,41,0,0
BRDA:261,41,1,0
BRDA:262,42,0,0
BRDA:262,42,1,0
BRDA:263,43,0,0
BRDA:263,43,1,0
BRDA:264,44,0,0
BRDA:264,44,1,0
BRDA:265,45,0,0
BRDA:265,45,1,0
BRDA:272,46,0,0
BRDA:272,46,1,0
BRDA:273,47,0,0
BRDA:273,47,1,0
BRDA:274,48,0,0
BRDA:274,48,1,0
BRDA:275,49,0,0
BRDA:275,49,1,0
BRDA:276,50,0,0
BRDA:276,50,1,0
BRDA:277,51,0,0
BRDA:277,51,1,0
BRDA:278,52,0,0
BRDA:278,52,1,0
BRDA:280,53,0,0
BRDA:280,53,1,0
BRDA:300,54,0,0
BRDA:300,54,1,0
BRDA:310,55,0,0
BRDA:310,55,1,0
BRDA:311,56,0,0
BRDA:311,56,1,0
BRDA:338,57,0,0
BRDA:338,57,1,0
BRDA:365,58,0,0
BRDA:365,58,1,0
BRDA:370,59,0,0
BRDA:370,59,1,0
BRDA:371,60,0,0
BRDA:371,60,1,0
BRDA:372,61,0,0
BRDA:372,61,1,0
BRDA:374,62,0,0
BRDA:374,62,1,0
BRDA:375,63,0,0
BRDA:375,63,1,0
BRDA:376,64,0,0
BRDA:376,64,1,0
BRDA:377,65,0,0
BRDA:377,65,1,0
BRDA:378,66,0,0
BRDA:378,66,1,0
BRDA:379,67,0,0
BRDA:379,67,1,0
BRDA:380,68,0,0
BRDA:380,68,1,0
BRDA:381,69,0,0
BRDA:381,69,1,0
BRDA:382,70,0,0
BRDA:382,70,1,0
BRDA:383,71,0,0
BRDA:383,71,1,0
BRDA:384,72,0,0
BRDA:384,72,1,0
BRDA:385,73,0,0
BRDA:385,73,1,0
BRDA:386,74,0,0
BRDA:386,74,1,0
BRDA:387,75,0,0
BRDA:387,75,1,0
BRDA:394,76,0,0
BRDA:394,76,1,0
BRDA:395,77,0,0
BRDA:395,77,1,0
BRDA:396,78,0,0
BRDA:396,78,1,0
BRDA:397,79,0,0
BRDA:397,79,1,0
BRDA:398,80,0,0
BRDA:398,80,1,0
BRDA:399,81,0,0
BRDA:399,81,1,0
BRDA:401,82,0,0
BRDA:401,82,1,0
BRDA:436,83,0,0
BRDA:436,83,1,0
BRDA:442,84,0,0
BRDA:442,84,1,0
BRDA:482,85,0,0
BRDA:482,85,1,0
BRDA:509,86,0,0
BRDA:509,86,1,0
BRDA:535,87,0,0
BRDA:535,87,1,0
BRDA:557,88,0,0
BRDA:557,88,1,0
BRF:178
BRH:0
end_of_record
TN:
SF:src/components/StrategyPerformance.tsx
FN:36,(anonymous_0)
FN:47,(anonymous_1)
FN:50,(anonymous_2)
FN:76,(anonymous_3)
FN:99,(anonymous_4)
FN:107,(anonymous_5)
FN:115,(anonymous_6)
FN:119,(anonymous_7)
FN:132,(anonymous_8)
FN:141,(anonymous_9)
FN:147,(anonymous_10)
FN:157,(anonymous_11)
FN:163,(anonymous_12)
FN:169,(anonymous_13)
FN:179,(anonymous_14)
FN:189,(anonymous_15)
FN:190,(anonymous_16)
FN:198,(anonymous_17)
FN:257,(anonymous_18)
FN:264,(anonymous_19)
FN:265,(anonymous_20)
FN:285,(anonymous_21)
FN:292,(anonymous_22)
FN:293,(anonymous_23)
FN:328,(anonymous_24)
FN:335,(anonymous_25)
FN:336,(anonymous_26)
FN:350,(anonymous_27)
FN:357,(anonymous_28)
FN:358,(anonymous_29)
FNF:30
FNH:0
FNDA:0,(anonymous_0)
FNDA:0,(anonymous_1)
FNDA:0,(anonymous_2)
FNDA:0,(anonymous_3)
FNDA:0,(anonymous_4)
FNDA:0,(anonymous_5)
FNDA:0,(anonymous_6)
FNDA:0,(anonymous_7)
FNDA:0,(anonymous_8)
FNDA:0,(anonymous_9)
FNDA:0,(anonymous_10)
FNDA:0,(anonymous_11)
FNDA:0,(anonymous_12)
FNDA:0,(anonymous_13)
FNDA:0,(anonymous_14)
FNDA:0,(anonymous_15)
FNDA:0,(anonymous_16)
FNDA:0,(anonymous_17)
FNDA:0,(anonymous_18)
FNDA:0,(anonymous_19)
FNDA:0,(anonymous_20)
FNDA:0,(anonymous_21)
FNDA:0,(anonymous_22)
FNDA:0,(anonymous_23)
FNDA:0,(anonymous_24)
FNDA:0,(anonymous_25)
FNDA:0,(anonymous_26)
FNDA:0,(anonymous_27)
FNDA:0,(anonymous_28)
FNDA:0,(anonymous_29)
DA:1,0
DA:2,0
DA:3,0
DA:4,0
DA:7,0
DA:8,0
DA:36,0
DA:41,0
DA:42,0
DA:43,0
DA:44,0
DA:47,0
DA:48,0
DA:50,0
DA:51,0
DA:52,0
DA:53,0
DA:54,0
DA:55,0
DA:57,0
DA:58,0
DA:59,0
DA:60,0
DA:61,0
DA:63,0
DA:72,0
DA:76,0
DA:77,0
DA:78,0
DA:79,0
DA:81,0
DA:82,0
DA:83,0
DA:84,0
DA:85,0
DA:87,0
DA:99,0
DA:102,0
DA:103,0
DA:107,0
DA:108,0
DA:115,0
DA:116,0
DA:119,0
DA:120,0
DA:122,0
DA:124,0
DA:126,0
DA:128,0
DA:132,0
DA:133,0
DA:136,0
DA:141,0
DA:148,0
DA:157,0
DA:163,0
DA:170,0
DA:180,0
DA:187,0
DA:188,0
DA:189,0
DA:190,0
DA:192,0
DA:198,0
DA:257,0
DA:264,0
DA:265,0
DA:285,0
DA:292,0
DA:293,0
DA:328,0
DA:335,0
DA:336,0
DA:350,0
DA:357,0
DA:358,0
DA:378,0
LF:77
LH:0
BRDA:48,0,0,0
BRDA:48,0,1,0
BRDA:48,1,0,0
BRDA:48,1,1,0
BRDA:85,2,0,0
BRDA:85,2,1,0
BRDA:120,3,0,0
BRDA:120,3,1,0
BRDA:120,3,2,0
BRDA:120,3,3,0
BRDA:133,4,0,0
BRDA:133,4,1,0
BRDA:149,5,0,0
BRDA:149,5,1,0
BRDA:170,6,0,0
BRDA:170,6,1,0
BRDA:171,7,0,0
BRDA:171,7,1,0
BRDA:181,8,0,0
BRDA:181,8,1,0
BRDA:181,9,0,0
BRDA:181,9,1,0
BRDA:187,10,0,0
BRDA:187,10,1,0
BRDA:189,11,0,0
BRDA:189,11,1,0
BRDA:190,12,0,0
BRDA:190,12,1,0
BRDA:204,13,0,0
BRDA:204,13,1,0
BRDA:224,14,0,0
BRDA:224,14,1,0
BRDA:226,15,0,0
BRDA:226,15,1,0
BRF:34
BRH:0
end_of_record
TN:
SF:src/components/SystemPerformanceTest.tsx
FN:55,(anonymous_0)
FN:120,(anonymous_1)
FN:121,(anonymous_2)
FN:125,(anonymous_3)
FN:126,(anonymous_4)
FN:134,(anonymous_5)
FN:209,(anonymous_6)
FN:224,(anonymous_7)
FN:225,(anonymous_8)
FN:241,(anonymous_9)
FN:242,(anonymous_10)
FN:253,(anonymous_11)
FN:254,(anonymous_12)
FN:264,(anonymous_13)
FN:265,(anonymous_14)
FN:266,(anonymous_15)
FN:273,(anonymous_16)
FN:289,(anonymous_17)
FN:307,(anonymous_18)
FN:325,(anonymous_19)
FN:331,(anonymous_20)
FN:337,(anonymous_21)
FN:347,(anonymous_22)
FN:352,(anonymous_23)
FN:353,(anonymous_24)
FN:354,(anonymous_25)
FN:356,(anonymous_26)
FN:357,(anonymous_27)
FN:357,(anonymous_28)
FN:359,(anonymous_29)
FN:361,(anonymous_30)
FN:362,(anonymous_31)
FN:370,(anonymous_32)
FN:414,(anonymous_33)
FN:539,(anonymous_34)
FNF:35
FNH:0
FNDA:0,(anonymous_0)
FNDA:0,(anonymous_1)
FNDA:0,(anonymous_2)
FNDA:0,(anonymous_3)
FNDA:0,(anonymous_4)
FNDA:0,(anonymous_5)
FNDA:0,(anonymous_6)
FNDA:0,(anonymous_7)
FNDA:0,(anonymous_8)
FNDA:0,(anonymous_9)
FNDA:0,(anonymous_10)
FNDA:0,(anonymous_11)
FNDA:0,(anonymous_12)
FNDA:0,(anonymous_13)
FNDA:0,(anonymous_14)
FNDA:0,(anonymous_15)
FNDA:0,(anonymous_16)
FNDA:0,(anonymous_17)
FNDA:0,(anonymous_18)
FNDA:0,(anonymous_19)
FNDA:0,(anonymous_20)
FNDA:0,(anonymous_21)
FNDA:0,(anonymous_22)
FNDA:0,(anonymous_23)
FNDA:0,(anonymous_24)
FNDA:0,(anonymous_25)
FNDA:0,(anonymous_26)
FNDA:0,(anonymous_27)
FNDA:0,(anonymous_28)
FNDA:0,(anonymous_29)
FNDA:0,(anonymous_30)
FNDA:0,(anonymous_31)
FNDA:0,(anonymous_32)
FNDA:0,(anonymous_33)
FNDA:0,(anonymous_34)
DA:6,0
DA:7,0
DA:24,0
DA:55,0
DA:56,0
DA:107,0
DA:108,0
DA:109,0
DA:110,0
DA:120,0
DA:121,0
DA:122,0
DA:125,0
DA:126,0
DA:127,0
DA:134,0
DA:136,0
DA:137,0
DA:140,0
DA:141,0
DA:142,0
DA:144,0
DA:146,0
DA:147,0
DA:150,0
DA:152,0
DA:153,0
DA:156,0
DA:158,0
DA:159,0
DA:162,0
DA:164,0
DA:165,0
DA:168,0
DA:170,0
DA:171,0
DA:174,0
DA:176,0
DA:177,0
DA:180,0
DA:181,0
DA:183,0
DA:184,0
DA:187,0
DA:189,0
DA:190,0
DA:193,0
DA:195,0
DA:196,0
DA:199,0
DA:209,0
DA:210,0
DA:211,0
DA:213,0
DA:215,0
DA:216,0
DA:217,0
DA:219,0
DA:220,0
DA:221,0
DA:224,0
DA:225,0
DA:226,0
DA:230,0
DA:233,0
DA:239,0
DA:241,0
DA:242,0
DA:243,0
DA:249,0
DA:250,0
DA:253,0
DA:254,0
DA:256,0
DA:264,0
DA:265,0
DA:266,0
DA:268,0
DA:269,0
DA:273,0
DA:274,0
DA:276,0
DA:278,0
DA:280,0
DA:282,0
DA:284,0
DA:289,0
DA:290,0
DA:297,0
DA:298,0
DA:302,0
DA:308,0
DA:325,0
DA:331,0
DA:338,0
DA:339,0
DA:340,0
DA:347,0
DA:352,0
DA:353,0
DA:354,0
DA:355,0
DA:356,0
DA:357,0
DA:359,0
DA:361,0
DA:362,0
DA:370,0
DA:373,0
DA:414,0
DA:540,0
DA:563,0
LF:112
LH:0
BRDA:127,0,0,0
BRDA:127,0,1,0
BRDA:140,1,0,0
BRDA:140,1,1,0
BRDA:144,2,0,0
BRDA:144,2,1,0
BRDA:144,2,2,0
BRDA:144,2,3,0
BRDA:144,2,4,0
BRDA:144,2,5,0
BRDA:144,2,6,0
BRDA:144,2,7,0
BRDA:144,2,8,0
BRDA:146,3,0,0
BRDA:146,3,1,0
BRDA:147,4,0,0
BRDA:147,4,1,0
BRDA:152,5,0,0
BRDA:152,5,1,0
BRDA:153,6,0,0
BRDA:153,6,1,0
BRDA:158,7,0,0
BRDA:158,7,1,0
BRDA:159,8,0,0
BRDA:159,8,1,0
BRDA:164,9,0,0
BRDA:164,9,1,0
BRDA:165,10,0,0
BRDA:165,10,1,0
BRDA:170,11,0,0
BRDA:170,11,1,0
BRDA:171,12,0,0
BRDA:171,12,1,0
BRDA:176,13,0,0
BRDA:176,13,1,0
BRDA:177,14,0,0
BRDA:177,14,1,0
BRDA:180,15,0,0
BRDA:180,15,1,0
BRDA:183,16,0,0
BRDA:183,16,1,0
BRDA:184,17,0,0
BRDA:184,17,1,0
BRDA:189,18,0,0
BRDA:189,18,1,0
BRDA:190,19,0,0
BRDA:190,19,1,0
BRDA:195,20,0,0
BRDA:195,20,1,0
BRDA:196,21,0,0
BRDA:196,21,1,0
BRDA:226,22,0,0
BRDA:226,22,1,0
BRDA:243,23,0,0
BRDA:243,23,1,0
BRDA:253,24,0,0
BRDA:253,24,1,0
BRDA:274,25,0,0
BRDA:274,25,1,0
BRDA:274,25,2,0
BRDA:274,25,3,0
BRDA:274,25,4,0
BRDA:310,26,0,0
BRDA:310,26,1,0
BRDA:331,27,0,0
BRDA:331,27,1,0
BRDA:338,28,0,0
BRDA:338,28,1,0
BRDA:339,29,0,0
BRDA:339,29,1,0
BRDA:339,30,0,0
BRDA:339,30,1,0
BRDA:347,31,0,0
BRDA:347,31,1,0
BRDA:355,32,0,0
BRDA:355,32,1,0
BRDA:357,33,0,0
BRDA:357,33,1,0
BRDA:411,34,0,0
BRDA:411,34,1,0
BRDA:411,34,2,0
BRDA:421,35,0,0
BRDA:421,35,1,0
BRDA:477,36,0,0
BRDA:477,36,1,0
BRDA:478,37,0,0
BRDA:478,37,1,0
BRDA:520,38,0,0
BRDA:520,38,1,0
BRDA:540,39,0,0
BRDA:540,39,1,0
BRDA:541,40,0,0
BRDA:541,40,1,0
BRDA:542,41,0,0
BRDA:542,41,1,0
BRF:95
BRH:0
end_of_record
TN:
SF:src/components/SystemSettings.tsx
FN:35,(anonymous_0)
FN:40,(anonymous_1)
FN:50,(anonymous_2)
FN:53,(anonymous_3)
FN:60,(anonymous_4)
FN:66,(anonymous_5)
FN:110,(anonymous_6)
FNF:7
FNH:0
FNDA:0,(anonymous_0)
FNDA:0,(anonymous_1)
FNDA:0,(anonymous_2)
FNDA:0,(anonymous_3)
FNDA:0,(anonymous_4)
FNDA:0,(anonymous_5)
FNDA:0,(anonymous_6)
DA:1,0
DA:2,0
DA:20,0
DA:32,0
DA:33,0
DA:35,0
DA:36,0
DA:37,0
DA:38,0
DA:40,0
DA:41,0
DA:42,0
DA:43,0
DA:44,0
DA:46,0
DA:50,0
DA:51,0
DA:53,0
DA:54,0
DA:55,0
DA:56,0
DA:60,0
DA:61,0
DA:67,0
DA:68,0
DA:74,0
DA:98,0
DA:111,0
DA:112,0
DA:128,0
DA:500,0
LF:31
LH:0
BRDA:111,0,0,0
BRDA:111,0,1,0
BRDA:111,1,0,0
BRDA:111,1,1,0
BRDA:227,2,0,0
BRDA:227,2,1,0
BRDA:231,3,0,0
BRDA:231,3,1,0
BRF:8
BRH:0
end_of_record
TN:
SF:src/components/TestPage.tsx
FN:12,(anonymous_0)
FNF:1
FNH:0
FNDA:0,(anonymous_0)
DA:6,0
DA:7,0
DA:8,0
DA:10,0
DA:12,0
DA:13,0
DA:122,0
LF:7
LH:0
BRF:0
BRH:0
end_of_record
TN:
SF:src/components/TradingSystemDashboard.tsx
FN:50,(anonymous_0)
FN:84,(anonymous_1)
FN:89,(anonymous_2)
FN:94,(anonymous_3)
FN:100,(anonymous_4)
FN:117,(anonymous_5)
FN:181,(anonymous_6)
FN:250,(anonymous_7)
FN:299,(anonymous_8)
FN:319,(anonymous_9)
FN:336,(anonymous_10)
FN:357,(anonymous_11)
FN:370,(anonymous_12)
FN:378,(anonymous_13)
FN:385,(anonymous_14)
FN:392,(anonymous_15)
FN:403,(anonymous_16)
FN:410,(anonymous_17)
FN:434,(anonymous_18)
FN:440,(anonymous_19)
FN:462,(anonymous_20)
FNF:21
FNH:1
FNDA:8,(anonymous_0)
FNDA:0,(anonymous_1)
FNDA:0,(anonymous_2)
FNDA:0,(anonymous_3)
FNDA:0,(anonymous_4)
FNDA:0,(anonymous_5)
FNDA:0,(anonymous_6)
FNDA:0,(anonymous_7)
FNDA:0,(anonymous_8)
FNDA:0,(anonymous_9)
FNDA:0,(anonymous_10)
FNDA:0,(anonymous_11)
FNDA:0,(anonymous_12)
FNDA:0,(anonymous_13)
FNDA:0,(anonymous_14)
FNDA:0,(anonymous_15)
FNDA:0,(anonymous_16)
FNDA:0,(anonymous_17)
FNDA:0,(anonymous_18)
FNDA:0,(anonymous_19)
FNDA:0,(anonymous_20)
DA:6,1
DA:7,1
DA:24,1
DA:38,1
DA:39,1
DA:40,1
DA:42,1
DA:50,1
DA:77,8
DA:80,8
DA:81,8
DA:84,8
DA:85,0
DA:88,0
DA:89,0
DA:90,0
DA:94,0
DA:95,0
DA:100,8
DA:101,0
DA:102,0
DA:111,8
DA:112,0
DA:113,0
DA:114,0
DA:117,0
DA:118,0
DA:120,0
DA:122,0
DA:181,0
DA:182,0
DA:184,0
DA:185,0
DA:186,0
DA:187,0
DA:189,0
DA:250,0
DA:251,0
DA:253,0
DA:255,0
DA:299,0
DA:300,0
DA:302,0
DA:320,0
DA:328,0
DA:336,0
DA:337,0
DA:339,0
DA:343,0
DA:357,0
DA:362,0
DA:370,0
DA:371,0
DA:373,0
DA:378,0
DA:385,0
DA:393,0
DA:403,0
DA:411,0
DA:413,0
DA:419,0
DA:434,0
DA:435,0
DA:437,0
DA:441,0
DA:462,0
DA:463,0
DA:465,0
DA:483,0
DA:484,0
DA:494,0
DA:555,1
LF:72
LH:15
BRDA:51,0,0,8
BRDA:52,1,0,8
BRDA:88,2,0,0
BRDA:88,2,1,0
BRDA:95,3,0,0
BRDA:95,3,1,0
BRDA:101,4,0,0
BRDA:101,4,1,0
BRDA:118,5,0,0
BRDA:118,5,1,0
BRDA:133,6,0,0
BRDA:133,6,1,0
BRDA:160,7,0,0
BRDA:160,7,1,0
BRDA:182,8,0,0
BRDA:182,8,1,0
BRDA:196,9,0,0
BRDA:196,9,1,0
BRDA:204,10,0,0
BRDA:204,10,1,0
BRDA:205,11,0,0
BRDA:205,11,1,0
BRDA:208,12,0,0
BRDA:208,12,1,0
BRDA:214,13,0,0
BRDA:214,13,1,0
BRDA:224,14,0,0
BRDA:224,14,1,0
BRDA:240,15,0,0
BRDA:240,15,1,0
BRDA:241,16,0,0
BRDA:241,16,1,0
BRDA:251,17,0,0
BRDA:251,17,1,0
BRDA:300,18,0,0
BRDA:300,18,1,0
BRDA:337,19,0,0
BRDA:337,19,1,0
BRDA:339,20,0,0
BRDA:339,20,1,0
BRDA:340,21,0,0
BRDA:340,21,1,0
BRDA:341,22,0,0
BRDA:341,22,1,0
BRDA:393,23,0,0
BRDA:393,23,1,0
BRDA:394,24,0,0
BRDA:394,24,1,0
BRDA:411,25,0,0
BRDA:411,25,1,0
BRDA:412,26,0,0
BRDA:412,26,1,0
BRDA:463,27,0,0
BRDA:463,27,1,0
BRDA:476,28,0,0
BRDA:476,28,1,0
BRDA:483,29,0,0
BRDA:483,29,1,0
BRDA:483,30,0,0
BRDA:483,30,1,0
BRDA:505,31,0,0
BRDA:505,31,1,0
BRF:62
BRH:2
end_of_record
TN:
SF:src/components/UnifiedRiskManagement.tsx
FN:75,(anonymous_0)
FN:133,(anonymous_1)
FN:138,(anonymous_2)
FN:139,(anonymous_3)
FN:149,(anonymous_4)
FN:153,(anonymous_5)
FN:164,(anonymous_6)
FN:175,(anonymous_7)
FN:187,(anonymous_8)
FN:194,(anonymous_9)
FN:201,(anonymous_10)
FN:202,(anonymous_11)
FN:207,(anonymous_12)
FN:209,(anonymous_13)
FN:210,(anonymous_14)
FN:220,(anonymous_15)
FN:249,(anonymous_16)
FN:267,(anonymous_17)
FN:342,(anonymous_18)
FN:343,(anonymous_19)
FN:344,(anonymous_20)
FN:361,(anonymous_21)
FN:407,(anonymous_22)
FN:413,(anonymous_23)
FN:420,(anonymous_24)
FN:435,(anonymous_25)
FN:447,(anonymous_26)
FN:465,(anonymous_27)
FN:475,(anonymous_28)
FN:481,(anonymous_29)
FNF:30
FNH:0
FNDA:0,(anonymous_0)
FNDA:0,(anonymous_1)
FNDA:0,(anonymous_2)
FNDA:0,(anonymous_3)
FNDA:0,(anonymous_4)
FNDA:0,(anonymous_5)
FNDA:0,(anonymous_6)
FNDA:0,(anonymous_7)
FNDA:0,(anonymous_8)
FNDA:0,(anonymous_9)
FNDA:0,(anonymous_10)
FNDA:0,(anonymous_11)
FNDA:0,(anonymous_12)
FNDA:0,(anonymous_13)
FNDA:0,(anonymous_14)
FNDA:0,(anonymous_15)
FNDA:0,(anonymous_16)
FNDA:0,(anonymous_17)
FNDA:0,(anonymous_18)
FNDA:0,(anonymous_19)
FNDA:0,(anonymous_20)
FNDA:0,(anonymous_21)
FNDA:0,(anonymous_22)
FNDA:0,(anonymous_23)
FNDA:0,(anonymous_24)
FNDA:0,(anonymous_25)
FNDA:0,(anonymous_26)
FNDA:0,(anonymous_27)
FNDA:0,(anonymous_28)
FNDA:0,(anonymous_29)
DA:7,0
DA:8,0
DA:28,0
DA:40,0
DA:75,0
DA:77,0
DA:89,0
DA:116,0
DA:117,0
DA:118,0
DA:121,0
DA:133,0
DA:135,0
DA:138,0
DA:139,0
DA:149,0
DA:153,0
DA:154,0
DA:155,0
DA:156,0
DA:157,0
DA:158,0
DA:159,0
DA:164,0
DA:165,0
DA:166,0
DA:167,0
DA:168,0
DA:169,0
DA:170,0
DA:175,0
DA:176,0
DA:177,0
DA:178,0
DA:179,0
DA:180,0
DA:182,0
DA:187,0
DA:188,0
DA:195,0
DA:201,0
DA:202,0
DA:203,0
DA:207,0
DA:208,0
DA:209,0
DA:210,0
DA:214,0
DA:215,0
DA:220,0
DA:221,0
DA:222,0
DA:223,0
DA:225,0
DA:249,0
DA:254,0
DA:267,0
DA:268,0
DA:342,0
DA:343,0
DA:344,0
DA:346,0
DA:361,0
DA:407,0
DA:408,0
DA:413,0
DA:421,0
DA:422,0
DA:423,0
DA:435,0
DA:448,0
DA:456,0
DA:466,0
DA:475,0
DA:476,0
DA:481,0
DA:620,0
DA:666,0
LF:78
LH:0
BRDA:154,0,0,0
BRDA:154,0,1,0
BRDA:154,0,2,0
BRDA:154,0,3,0
BRDA:154,0,4,0
BRDA:165,1,0,0
BRDA:165,1,1,0
BRDA:165,1,2,0
BRDA:165,1,3,0
BRDA:165,1,4,0
BRDA:226,2,0,0
BRDA:226,2,1,0
BRDA:226,3,0,0
BRDA:226,3,1,0
BRDA:226,4,0,0
BRDA:226,4,1,0
BRDA:278,5,0,0
BRDA:278,5,1,0
BRDA:279,6,0,0
BRDA:279,6,1,0
BRDA:286,7,0,0
BRDA:286,7,1,0
BRDA:287,8,0,0
BRDA:287,8,1,0
BRDA:301,9,0,0
BRDA:301,9,1,0
BRDA:302,10,0,0
BRDA:302,10,1,0
BRDA:309,11,0,0
BRDA:309,11,1,0
BRDA:310,12,0,0
BRDA:310,12,1,0
BRDA:392,13,0,0
BRDA:392,13,1,0
BRDA:424,14,0,0
BRDA:424,14,1,0
BRDA:424,15,0,0
BRDA:424,15,1,0
BRDA:424,16,0,0
BRDA:424,16,1,0
BRDA:448,17,0,0
BRDA:448,17,1,0
BRDA:449,18,0,0
BRDA:449,18,1,0
BRDA:466,19,0,0
BRDA:466,19,1,0
BRDA:466,20,0,0
BRDA:466,20,1,0
BRDA:467,21,0,0
BRDA:467,21,1,0
BRDA:467,22,0,0
BRDA:467,22,1,0
BRF:52
BRH:0
end_of_record
TN:
SF:src/services/tauri.ts
FN:78,(anonymous_0)
FN:82,(anonymous_1)
FN:84,(anonymous_2)
FN:89,(anonymous_3)
FN:94,(anonymous_4)
FN:99,(anonymous_5)
FN:105,(anonymous_6)
FN:115,(anonymous_7)
FN:125,(anonymous_8)
FN:136,(anonymous_9)
FN:146,(anonymous_10)
FN:156,(anonymous_11)
FN:166,(anonymous_12)
FN:176,(anonymous_13)
FN:187,(anonymous_14)
FN:197,(anonymous_15)
FN:207,(anonymous_16)
FN:218,(anonymous_17)
FN:228,(anonymous_18)
FN:238,(anonymous_19)
FN:248,(anonymous_20)
FN:259,(anonymous_21)
FN:270,(anonymous_22)
FN:280,(anonymous_23)
FN:291,(anonymous_24)
FN:298,(anonymous_25)
FN:305,(anonymous_26)
FN:308,(anonymous_27)
FN:313,(anonymous_28)
FNF:29
FNH:0
FNDA:0,(anonymous_0)
FNDA:0,(anonymous_1)
FNDA:0,(anonymous_2)
FNDA:0,(anonymous_3)
FNDA:0,(anonymous_4)
FNDA:0,(anonymous_5)
FNDA:0,(anonymous_6)
FNDA:0,(anonymous_7)
FNDA:0,(anonymous_8)
FNDA:0,(anonymous_9)
FNDA:0,(anonymous_10)
FNDA:0,(anonymous_11)
FNDA:0,(anonymous_12)
FNDA:0,(anonymous_13)
FNDA:0,(anonymous_14)
FNDA:0,(anonymous_15)
FNDA:0,(anonymous_16)
FNDA:0,(anonymous_17)
FNDA:0,(anonymous_18)
FNDA:0,(anonymous_19)
FNDA:0,(anonymous_20)
FNDA:0,(anonymous_21)
FNDA:0,(anonymous_22)
FNDA:0,(anonymous_23)
FNDA:0,(anonymous_24)
FNDA:0,(anonymous_25)
FNDA:0,(anonymous_26)
FNDA:0,(anonymous_27)
FNDA:0,(anonymous_28)
DA:1,0
DA:2,0
DA:76,0
DA:79,0
DA:84,0
DA:85,0
DA:89,0
DA:90,0
DA:94,0
DA:95,0
DA:99,0
DA:100,0
DA:106,0
DA:107,0
DA:108,0
DA:110,0
DA:111,0
DA:116,0
DA:117,0
DA:118,0
DA:120,0
DA:121,0
DA:126,0
DA:127,0
DA:128,0
DA:130,0
DA:131,0
DA:137,0
DA:138,0
DA:139,0
DA:141,0
DA:142,0
DA:147,0
DA:148,0
DA:149,0
DA:151,0
DA:152,0
DA:157,0
DA:158,0
DA:159,0
DA:161,0
DA:162,0
DA:167,0
DA:168,0
DA:169,0
DA:171,0
DA:172,0
DA:177,0
DA:178,0
DA:179,0
DA:181,0
DA:182,0
DA:188,0
DA:189,0
DA:190,0
DA:192,0
DA:193,0
DA:198,0
DA:199,0
DA:200,0
DA:202,0
DA:203,0
DA:208,0
DA:209,0
DA:210,0
DA:212,0
DA:213,0
DA:219,0
DA:220,0
DA:221,0
DA:223,0
DA:224,0
DA:229,0
DA:230,0
DA:231,0
DA:233,0
DA:234,0
DA:239,0
DA:240,0
DA:241,0
DA:243,0
DA:244,0
DA:249,0
DA:250,0
DA:251,0
DA:253,0
DA:254,0
DA:260,0
DA:261,0
DA:262,0
DA:264,0
DA:265,0
DA:271,0
DA:272,0
DA:273,0
DA:275,0
DA:276,0
DA:281,0
DA:282,0
DA:283,0
DA:285,0
DA:286,0
DA:292,0
DA:293,0
DA:295,0
DA:299,0
DA:300,0
DA:301,0
DA:306,0
DA:307,0
DA:308,0
DA:314,0
DA:315,0
DA:316,0
DA:318,0
DA:319,0
DA:324,0
DA:325,0
LF:118
LH:0
BRDA:292,0,0,0
BRDA:292,0,1,0
BRDA:300,1,0,0
BRDA:300,1,1,0
BRDA:307,2,0,0
BRDA:307,2,1,0
BRF:6
BRH:0
end_of_record
TN:
SF:src/services/trading.ts
FN:10,(anonymous_0)
FN:15,(anonymous_1)
FN:294,(anonymous_2)
FN:304,(anonymous_3)
FN:314,(anonymous_4)
FN:324,(anonymous_5)
FN:334,(anonymous_6)
FN:344,(anonymous_7)
FN:354,(anonymous_8)
FN:390,(anonymous_9)
FN:400,(anonymous_10)
FN:411,(anonymous_11)
FN:435,(anonymous_12)
FN:460,(anonymous_13)
FN:483,(anonymous_14)
FN:493,(anonymous_15)
FN:503,(anonymous_16)
FN:513,(anonymous_17)
FN:538,(anonymous_18)
FN:549,(anonymous_19)
FN:560,(anonymous_20)
FN:570,(anonymous_21)
FN:592,(anonymous_22)
FN:611,(anonymous_23)
FN:631,(anonymous_24)
FN:647,(anonymous_25)
FN:657,(anonymous_26)
FN:667,(anonymous_27)
FN:677,(anonymous_28)
FN:690,(anonymous_29)
FN:692,(anonymous_30)
FN:701,(anonymous_31)
FN:703,(anonymous_32)
FN:712,(anonymous_33)
FN:714,(anonymous_34)
FN:723,(anonymous_35)
FN:725,(anonymous_36)
FN:734,(anonymous_37)
FN:736,(anonymous_38)
FN:745,(anonymous_39)
FN:747,(anonymous_40)
FN:756,(anonymous_41)
FN:758,(anonymous_42)
FN:772,(anonymous_43)
FN:777,(anonymous_44)
FN:782,(anonymous_45)
FN:795,(anonymous_46)
FN:802,(anonymous_47)
FN:813,(anonymous_48)
FN:824,(anonymous_49)
FN:841,(anonymous_50)
FN:846,(anonymous_51)
FN:855,(anonymous_52)
FNF:53
FNH:0
FNDA:0,(anonymous_0)
FNDA:0,(anonymous_1)
FNDA:0,(anonymous_2)
FNDA:0,(anonymous_3)
FNDA:0,(anonymous_4)
FNDA:0,(anonymous_5)
FNDA:0,(anonymous_6)
FNDA:0,(anonymous_7)
FNDA:0,(anonymous_8)
FNDA:0,(anonymous_9)
FNDA:0,(anonymous_10)
FNDA:0,(anonymous_11)
FNDA:0,(anonymous_12)
FNDA:0,(anonymous_13)
FNDA:0,(anonymous_14)
FNDA:0,(anonymous_15)
FNDA:0,(anonymous_16)
FNDA:0,(anonymous_17)
FNDA:0,(anonymous_18)
FNDA:0,(anonymous_19)
FNDA:0,(anonymous_20)
FNDA:0,(anonymous_21)
FNDA:0,(anonymous_22)
FNDA:0,(anonymous_23)
FNDA:0,(anonymous_24)
FNDA:0,(anonymous_25)
FNDA:0,(anonymous_26)
FNDA:0,(anonymous_27)
FNDA:0,(anonymous_28)
FNDA:0,(anonymous_29)
FNDA:0,(anonymous_30)
FNDA:0,(anonymous_31)
FNDA:0,(anonymous_32)
FNDA:0,(anonymous_33)
FNDA:0,(anonymous_34)
FNDA:0,(anonymous_35)
FNDA:0,(anonymous_36)
FNDA:0,(anonymous_37)
FNDA:0,(anonymous_38)
FNDA:0,(anonymous_39)
FNDA:0,(anonymous_40)
FNDA:0,(anonymous_41)
FNDA:0,(anonymous_42)
FNDA:0,(anonymous_43)
FNDA:0,(anonymous_44)
FNDA:0,(anonymous_45)
FNDA:0,(anonymous_46)
FNDA:0,(anonymous_47)
FNDA:0,(anonymous_48)
FNDA:0,(anonymous_49)
FNDA:0,(anonymous_50)
FNDA:0,(anonymous_51)
FNDA:0,(anonymous_52)
DA:6,0
DA:7,0
DA:10,0
DA:11,0
DA:15,0
DA:16,0
DA:104,0
DA:291,0
DA:295,0
DA:296,0
DA:299,0
DA:305,0
DA:306,0
DA:309,0
DA:315,0
DA:316,0
DA:319,0
DA:325,0
DA:326,0
DA:329,0
DA:335,0
DA:336,0
DA:339,0
DA:345,0
DA:346,0
DA:349,0
DA:355,0
DA:356,0
DA:359,0
DA:391,0
DA:392,0
DA:395,0
DA:401,0
DA:402,0
DA:405,0
DA:406,0
DA:412,0
DA:413,0
DA:416,0
DA:436,0
DA:437,0
DA:440,0
DA:461,0
DA:462,0
DA:465,0
DA:484,0
DA:485,0
DA:488,0
DA:494,0
DA:495,0
DA:498,0
DA:504,0
DA:505,0
DA:508,0
DA:514,0
DA:515,0
DA:518,0
DA:539,0
DA:540,0
DA:543,0
DA:544,0
DA:550,0
DA:551,0
DA:554,0
DA:555,0
DA:561,0
DA:562,0
DA:565,0
DA:571,0
DA:572,0
DA:575,0
DA:576,0
DA:577,0
DA:593,0
DA:594,0
DA:597,0
DA:612,0
DA:613,0
DA:616,0
DA:617,0
DA:618,0
DA:619,0
DA:626,0
DA:632,0
DA:633,0
DA:636,0
DA:648,0
DA:649,0
DA:652,0
DA:658,0
DA:659,0
DA:662,0
DA:668,0
DA:669,0
DA:672,0
DA:678,0
DA:679,0
DA:682,0
DA:688,0
DA:691,0
DA:692,0
DA:693,0
DA:697,0
DA:702,0
DA:703,0
DA:704,0
DA:708,0
DA:713,0
DA:714,0
DA:715,0
DA:719,0
DA:724,0
DA:725,0
DA:726,0
DA:730,0
DA:735,0
DA:736,0
DA:737,0
DA:741,0
DA:746,0
DA:747,0
DA:748,0
DA:752,0
DA:757,0
DA:758,0
DA:759,0
DA:763,0
DA:769,0
DA:773,0
DA:778,0
DA:783,0
DA:784,0
DA:796,0
DA:797,0
DA:798,0
DA:803,0
DA:804,0
DA:805,0
DA:806,0
DA:807,0
DA:808,0
DA:814,0
DA:815,0
DA:816,0
DA:817,0
DA:818,0
DA:819,0
DA:825,0
DA:827,0
DA:828,0
DA:829,0
DA:830,0
DA:831,0
DA:834,0
DA:842,0
DA:847,0
DA:848,0
DA:850,0
DA:856,0
LF:159
LH:0
BRDA:11,0,0,0
BRDA:11,0,1,0
BRDA:295,1,0,0
BRDA:295,1,1,0
BRDA:305,2,0,0
BRDA:305,2,1,0
BRDA:315,3,0,0
BRDA:315,3,1,0
BRDA:325,4,0,0
BRDA:325,4,1,0
BRDA:335,5,0,0
BRDA:335,5,1,0
BRDA:345,6,0,0
BRDA:345,6,1,0
BRDA:355,7,0,0
BRDA:355,7,1,0
BRDA:391,8,0,0
BRDA:391,8,1,0
BRDA:401,9,0,0
BRDA:401,9,1,0
BRDA:412,10,0,0
BRDA:412,10,1,0
BRDA:435,11,0,0
BRDA:436,12,0,0
BRDA:436,12,1,0
BRDA:461,13,0,0
BRDA:461,13,1,0
BRDA:467,14,0,0
BRDA:467,14,1,0
BRDA:468,15,0,0
BRDA:468,15,1,0
BRDA:469,16,0,0
BRDA:469,16,1,0
BRDA:470,17,0,0
BRDA:470,17,1,0
BRDA:471,18,0,0
BRDA:471,18,1,0
BRDA:472,19,0,0
BRDA:472,19,1,0
BRDA:474,20,0,0
BRDA:474,20,1,0
BRDA:475,21,0,0
BRDA:475,21,1,0
BRDA:484,22,0,0
BRDA:484,22,1,0
BRDA:494,23,0,0
BRDA:494,23,1,0
BRDA:504,24,0,0
BRDA:504,24,1,0
BRDA:514,25,0,0
BRDA:514,25,1,0
BRDA:539,26,0,0
BRDA:539,26,1,0
BRDA:550,27,0,0
BRDA:550,27,1,0
BRDA:561,28,0,0
BRDA:561,28,1,0
BRDA:571,29,0,0
BRDA:571,29,1,0
BRDA:577,30,0,0
BRDA:577,30,1,0
BRDA:592,31,0,0
BRDA:593,32,0,0
BRDA:593,32,1,0
BRDA:611,33,0,0
BRDA:612,34,0,0
BRDA:612,34,1,0
BRDA:632,35,0,0
BRDA:632,35,1,0
BRDA:648,36,0,0
BRDA:648,36,1,0
BRDA:658,37,0,0
BRDA:658,37,1,0
BRDA:667,38,0,0
BRDA:668,39,0,0
BRDA:668,39,1,0
BRDA:678,40,0,0
BRDA:678,40,1,0
BRDA:691,41,0,0
BRDA:691,41,1,0
BRDA:702,42,0,0
BRDA:702,42,1,0
BRDA:713,43,0,0
BRDA:713,43,1,0
BRDA:724,44,0,0
BRDA:724,44,1,0
BRDA:735,45,0,0
BRDA:735,45,1,0
BRDA:746,46,0,0
BRDA:746,46,1,0
BRDA:757,47,0,0
BRDA:757,47,1,0
BRDA:772,48,0,0
BRDA:777,49,0,0
BRDA:796,50,0,0
BRDA:796,50,1,0
BRDA:797,51,0,0
BRDA:797,51,1,0
BRDA:803,52,0,0
BRDA:803,52,1,0
BRDA:803,52,2,0
BRDA:803,52,3,0
BRDA:803,52,4,0
BRDA:814,53,0,0
BRDA:814,53,1,0
BRDA:814,53,2,0
BRDA:814,53,3,0
BRDA:814,53,4,0
BRDA:827,54,0,0
BRDA:827,54,1,0
BRDA:828,55,0,0
BRDA:828,55,1,0
BRDA:828,56,0,0
BRDA:828,56,1,0
BRDA:829,57,0,0
BRDA:829,57,1,0
BRDA:829,58,0,0
BRDA:829,58,1,0
BRDA:830,59,0,0
BRDA:830,59,1,0
BRDA:830,60,0,0
BRDA:830,60,1,0
BRDA:830,60,2,0
BRDA:847,61,0,0
BRDA:847,61,1,0
BRF:125
BRH:0
end_of_record
TN:
SF:src/services/websocket.ts
FN:5,(anonymous_0)
FN:18,(anonymous_1)
FN:30,(anonymous_2)
FN:32,(anonymous_3)
FN:38,(anonymous_4)
FN:94,(anonymous_5)
FN:97,(anonymous_6)
FN:108,(anonymous_7)
FN:131,(anonymous_8)
FN:134,(anonymous_9)
FN:144,(anonymous_10)
FN:153,(anonymous_11)
FN:158,(anonymous_12)
FN:162,(anonymous_13)
FN:166,(anonymous_14)
FN:174,(anonymous_15)
FN:182,(anonymous_16)
FN:186,(anonymous_17)
FN:190,(anonymous_18)
FN:200,(anonymous_19)
FN:213,(anonymous_20)
FN:219,(anonymous_21)
FN:227,(anonymous_22)
FN:238,(anonymous_23)
FN:247,(anonymous_24)
FN:257,(anonymous_25)
FN:262,(anonymous_26)
FNF:27
FNH:0
FNDA:0,(anonymous_0)
FNDA:0,(anonymous_1)
FNDA:0,(anonymous_2)
FNDA:0,(anonymous_3)
FNDA:0,(anonymous_4)
FNDA:0,(anonymous_5)
FNDA:0,(anonymous_6)
FNDA:0,(anonymous_7)
FNDA:0,(anonymous_8)
FNDA:0,(anonymous_9)
FNDA:0,(anonymous_10)
FNDA:0,(anonymous_11)
FNDA:0,(anonymous_12)
FNDA:0,(anonymous_13)
FNDA:0,(anonymous_14)
FNDA:0,(anonymous_15)
FNDA:0,(anonymous_16)
FNDA:0,(anonymous_17)
FNDA:0,(anonymous_18)
FNDA:0,(anonymous_19)
FNDA:0,(anonymous_20)
FNDA:0,(anonymous_21)
FNDA:0,(anonymous_22)
FNDA:0,(anonymous_23)
FNDA:0,(anonymous_24)
FNDA:0,(anonymous_25)
FNDA:0,(anonymous_26)
DA:1,0
DA:2,0
DA:5,0
DA:6,0
DA:10,0
DA:11,0
DA:12,0
DA:13,0
DA:14,0
DA:15,0
DA:16,0
DA:20,0
DA:21,0
DA:22,0
DA:23,0
DA:26,0
DA:32,0
DA:33,0
DA:39,0
DA:88,0
DA:89,0
DA:90,0
DA:95,0
DA:96,0
DA:97,0
DA:98,0
DA:99,0
DA:101,0
DA:109,0
DA:110,0
DA:111,0
DA:114,0
DA:115,0
DA:123,0
DA:125,0
DA:126,0
DA:132,0
DA:134,0
DA:135,0
DA:136,0
DA:137,0
DA:138,0
DA:144,0
DA:145,0
DA:146,0
DA:147,0
DA:153,0
DA:154,0
DA:155,0
DA:158,0
DA:159,0
DA:162,0
DA:163,0
DA:166,0
DA:167,0
DA:168,0
DA:174,0
DA:175,0
DA:176,0
DA:182,0
DA:183,0
DA:186,0
DA:187,0
DA:190,0
DA:191,0
DA:192,0
DA:201,0
DA:202,0
DA:203,0
DA:207,0
DA:210,0
DA:211,0
DA:213,0
DA:214,0
DA:220,0
DA:221,0
DA:223,0
DA:228,0
DA:229,0
DA:230,0
DA:231,0
DA:232,0
DA:239,0
DA:240,0
DA:242,0
DA:248,0
DA:249,0
DA:250,0
DA:252,0
DA:253,0
DA:258,0
DA:263,0
DA:268,0
DA:271,0
LF:94
LH:0
BRDA:6,0,0,0
BRDA:6,0,1,0
BRDA:20,1,0,0
BRDA:20,1,1,0
BRDA:96,2,0,0
BRDA:96,2,1,0
BRDA:109,3,0,0
BRDA:109,3,1,0
BRDA:132,4,0,0
BRDA:132,4,1,0
BRDA:201,5,0,0
BRDA:201,5,1,0
BRDA:220,6,0,0
BRDA:220,6,1,0
BRDA:229,7,0,0
BRDA:229,7,1,0
BRDA:231,8,0,0
BRDA:231,8,1,0
BRDA:239,9,0,0
BRDA:239,9,1,0
BRDA:239,10,0,0
BRDA:239,10,1,0
BRDA:248,11,0,0
BRDA:248,11,1,0
BRF:24
BRH:0
end_of_record
TN:
SF:src/stores/appStore.ts
FN:152,(anonymous_0)
FN:170,(anonymous_1)
FN:171,(anonymous_2)
FN:172,(anonymous_3)
FN:173,(anonymous_4)
FN:174,(anonymous_5)
FN:177,(anonymous_6)
FN:197,(anonymous_7)
FN:198,(anonymous_8)
FN:213,(anonymous_9)
FN:233,(anonymous_10)
FN:234,(anonymous_11)
FN:249,(anonymous_12)
FN:266,(anonymous_13)
FN:282,(anonymous_14)
FN:284,(anonymous_15)
FN:304,(anonymous_16)
FN:319,(anonymous_17)
FN:323,(anonymous_18)
FN:324,(anonymous_19)
FN:325,(anonymous_20)
FN:336,(anonymous_21)
FN:342,(anonymous_22)
FN:359,(anonymous_23)
FN:377,(anonymous_24)
FN:383,(anonymous_25)
FN:384,(anonymous_26)
FN:393,(anonymous_27)
FN:394,(anonymous_28)
FN:408,(anonymous_29)
FN:409,(anonymous_30)
FN:410,(anonymous_31)
FN:425,(anonymous_32)
FN:430,(anonymous_33)
FN:431,(anonymous_34)
FN:440,(anonymous_35)
FNF:36
FNH:0
FNDA:0,(anonymous_0)
FNDA:0,(anonymous_1)
FNDA:0,(anonymous_2)
FNDA:0,(anonymous_3)
FNDA:0,(anonymous_4)
FNDA:0,(anonymous_5)
FNDA:0,(anonymous_6)
FNDA:0,(anonymous_7)
FNDA:0,(anonymous_8)
FNDA:0,(anonymous_9)
FNDA:0,(anonymous_10)
FNDA:0,(anonymous_11)
FNDA:0,(anonymous_12)
FNDA:0,(anonymous_13)
FNDA:0,(anonymous_14)
FNDA:0,(anonymous_15)
FNDA:0,(anonymous_16)
FNDA:0,(anonymous_17)
FNDA:0,(anonymous_18)
FNDA:0,(anonymous_19)
FNDA:0,(anonymous_20)
FNDA:0,(anonymous_21)
FNDA:0,(anonymous_22)
FNDA:0,(anonymous_23)
FNDA:0,(anonymous_24)
FNDA:0,(anonymous_25)
FNDA:0,(anonymous_26)
FNDA:0,(anonymous_27)
FNDA:0,(anonymous_28)
FNDA:0,(anonymous_29)
FNDA:0,(anonymous_30)
FNDA:0,(anonymous_31)
FNDA:0,(anonymous_32)
FNDA:0,(anonymous_33)
FNDA:0,(anonymous_34)
FNDA:0,(anonymous_35)
DA:1,0
DA:2,0
DA:3,0
DA:84,0
DA:94,0
DA:127,0
DA:152,0
DA:170,0
DA:171,0
DA:172,0
DA:173,0
DA:174,0
DA:178,0
DA:179,0
DA:182,0
DA:184,0
DA:186,0
DA:187,0
DA:189,0
DA:190,0
DA:191,0
DA:193,0
DA:197,0
DA:198,0
DA:205,0
DA:208,0
DA:209,0
DA:214,0
DA:215,0
DA:218,0
DA:220,0
DA:222,0
DA:223,0
DA:225,0
DA:226,0
DA:227,0
DA:229,0
DA:233,0
DA:234,0
DA:241,0
DA:244,0
DA:245,0
DA:250,0
DA:251,0
DA:254,0
DA:256,0
DA:258,0
DA:259,0
DA:260,0
DA:261,0
DA:263,0
DA:266,0
DA:279,0
DA:282,0
DA:284,0
DA:291,0
DA:296,0
DA:299,0
DA:300,0
DA:305,0
DA:306,0
DA:309,0
DA:311,0
DA:313,0
DA:314,0
DA:315,0
DA:316,0
DA:319,0
DA:320,0
DA:323,0
DA:324,0
DA:326,0
DA:336,0
DA:337,0
DA:340,0
DA:342,0
DA:356,0
DA:359,0
DA:361,0
DA:368,0
DA:371,0
DA:372,0
DA:378,0
DA:379,0
DA:383,0
DA:384,0
DA:393,0
DA:394,0
DA:408,0
DA:409,0
DA:411,0
DA:421,0
DA:426,0
DA:427,0
DA:431,0
DA:441,0
LF:96
LH:0
BRDA:184,0,0,0
BRDA:184,0,1,0
BRDA:187,1,0,0
BRDA:187,1,1,0
BRDA:199,2,0,0
BRDA:199,2,1,0
BRDA:220,3,0,0
BRDA:220,3,1,0
BRDA:223,4,0,0
BRDA:223,4,1,0
BRDA:235,5,0,0
BRDA:235,5,1,0
BRDA:256,6,0,0
BRDA:256,6,1,0
BRDA:270,7,0,0
BRDA:270,7,1,0
BRDA:311,8,0,0
BRDA:311,8,1,0
BRDA:326,9,0,0
BRDA:326,9,1,0
BRDA:328,10,0,0
BRDA:328,10,1,0
BRDA:346,11,0,0
BRDA:346,11,1,0
BRDA:379,12,0,0
BRDA:379,12,1,0
BRDA:395,13,0,0
BRDA:395,13,1,0
BRDA:411,14,0,0
BRDA:411,14,1,0
BRDA:413,15,0,0
BRDA:413,15,1,0
BRF:32
BRH:0
end_of_record
TN:
SF:src/stores/tradingStore.ts
FN:105,(anonymous_0)
FN:123,(anonymous_1)
FN:137,(anonymous_2)
FN:151,(anonymous_3)
FN:165,(anonymous_4)
FN:179,(anonymous_5)
FN:194,(anonymous_6)
FN:202,(anonymous_7)
FN:206,(anonymous_8)
FN:207,(anonymous_9)
FN:215,(anonymous_10)
FN:220,(anonymous_11)
FN:221,(anonymous_12)
FN:226,(anonymous_13)
FN:227,(anonymous_14)
FN:228,(anonymous_15)
FN:232,(anonymous_16)
FN:244,(anonymous_17)
FN:250,(anonymous_18)
FN:251,(anonymous_19)
FN:264,(anonymous_20)
FN:265,(anonymous_21)
FN:273,(anonymous_22)
FN:279,(anonymous_23)
FN:292,(anonymous_24)
FN:308,(anonymous_25)
FN:309,(anonymous_26)
FN:314,(anonymous_27)
FN:318,(anonymous_28)
FN:319,(anonymous_29)
FN:330,(anonymous_30)
FN:331,(anonymous_31)
FN:337,(anonymous_32)
FN:393,(anonymous_33)
FN:406,(anonymous_34)
FN:427,(anonymous_35)
FN:442,(anonymous_36)
FN:443,(anonymous_37)
FN:444,(anonymous_38)
FN:455,(anonymous_39)
FN:457,(anonymous_40)
FN:465,(anonymous_41)
FN:470,(anonymous_42)
FN:475,(anonymous_43)
FN:480,(anonymous_44)
FN:485,(anonymous_45)
FN:490,(anonymous_46)
FN:498,(anonymous_47)
FN:499,(anonymous_48)
FN:502,(anonymous_49)
FN:503,(anonymous_50)
FN:506,(anonymous_51)
FN:507,(anonymous_52)
FN:510,(anonymous_53)
FN:511,(anonymous_54)
FN:514,(anonymous_55)
FN:515,(anonymous_56)
FN:518,(anonymous_57)
FN:519,(anonymous_58)
FN:522,(anonymous_59)
FN:526,(anonymous_60)
FN:528,(anonymous_61)
FN:529,(anonymous_62)
FN:530,(anonymous_63)
FN:532,(anonymous_64)
FN:533,(anonymous_65)
FN:537,(anonymous_66)
FN:538,(anonymous_67)
FN:539,(anonymous_68)
FNF:69
FNH:0
FNDA:0,(anonymous_0)
FNDA:0,(anonymous_1)
FNDA:0,(anonymous_2)
FNDA:0,(anonymous_3)
FNDA:0,(anonymous_4)
FNDA:0,(anonymous_5)
FNDA:0,(anonymous_6)
FNDA:0,(anonymous_7)
FNDA:0,(anonymous_8)
FNDA:0,(anonymous_9)
FNDA:0,(anonymous_10)
FNDA:0,(anonymous_11)
FNDA:0,(anonymous_12)
FNDA:0,(anonymous_13)
FNDA:0,(anonymous_14)
FNDA:0,(anonymous_15)
FNDA:0,(anonymous_16)
FNDA:0,(anonymous_17)
FNDA:0,(anonymous_18)
FNDA:0,(anonymous_19)
FNDA:0,(anonymous_20)
FNDA:0,(anonymous_21)
FNDA:0,(anonymous_22)
FNDA:0,(anonymous_23)
FNDA:0,(anonymous_24)
FNDA:0,(anonymous_25)
FNDA:0,(anonymous_26)
FNDA:0,(anonymous_27)
FNDA:0,(anonymous_28)
FNDA:0,(anonymous_29)
FNDA:0,(anonymous_30)
FNDA:0,(anonymous_31)
FNDA:0,(anonymous_32)
FNDA:0,(anonymous_33)
FNDA:0,(anonymous_34)
FNDA:0,(anonymous_35)
FNDA:0,(anonymous_36)
FNDA:0,(anonymous_37)
FNDA:0,(anonymous_38)
FNDA:0,(anonymous_39)
FNDA:0,(anonymous_40)
FNDA:0,(anonymous_41)
FNDA:0,(anonymous_42)
FNDA:0,(anonymous_43)
FNDA:0,(anonymous_44)
FNDA:0,(anonymous_45)
FNDA:0,(anonymous_46)
FNDA:0,(anonymous_47)
FNDA:0,(anonymous_48)
FNDA:0,(anonymous_49)
FNDA:0,(anonymous_50)
FNDA:0,(anonymous_51)
FNDA:0,(anonymous_52)
FNDA:0,(anonymous_53)
FNDA:0,(anonymous_54)
FNDA:0,(anonymous_55)
FNDA:0,(anonymous_56)
FNDA:0,(anonymous_57)
FNDA:0,(anonymous_58)
FNDA:0,(anonymous_59)
FNDA:0,(anonymous_60)
FNDA:0,(anonymous_61)
FNDA:0,(anonymous_62)
FNDA:0,(anonymous_63)
FNDA:0,(anonymous_64)
FNDA:0,(anonymous_65)
FNDA:0,(anonymous_66)
FNDA:0,(anonymous_67)
FNDA:0,(anonymous_68)
DA:6,0
DA:7,0
DA:8,0
DA:103,0
DA:105,0
DA:124,0
DA:125,0
DA:126,0
DA:127,0
DA:128,0
DA:131,0
DA:133,0
DA:138,0
DA:139,0
DA:140,0
DA:141,0
DA:142,0
DA:145,0
DA:147,0
DA:152,0
DA:153,0
DA:154,0
DA:155,0
DA:156,0
DA:159,0
DA:161,0
DA:166,0
DA:167,0
DA:168,0
DA:169,0
DA:170,0
DA:173,0
DA:175,0
DA:180,0
DA:181,0
DA:182,0
DA:183,0
DA:184,0
DA:187,0
DA:189,0
DA:195,0
DA:203,0
DA:207,0
DA:216,0
DA:221,0
DA:227,0
DA:228,0
DA:233,0
DA:234,0
DA:235,0
DA:236,0
DA:238,0
DA:240,0
DA:245,0
DA:246,0
DA:247,0
DA:248,0
DA:250,0
DA:252,0
DA:257,0
DA:259,0
DA:265,0
DA:274,0
DA:275,0
DA:276,0
DA:277,0
DA:279,0
DA:280,0
DA:281,0
DA:282,0
DA:286,0
DA:288,0
DA:293,0
DA:294,0
DA:295,0
DA:296,0
DA:298,0
DA:301,0
DA:303,0
DA:309,0
DA:315,0
DA:316,0
DA:317,0
DA:318,0
DA:320,0
DA:325,0
DA:331,0
DA:338,0
DA:339,0
DA:350,0
DA:360,0
DA:374,0
DA:375,0
DA:376,0
DA:379,0
DA:380,0
DA:384,0
DA:389,0
DA:394,0
DA:395,0
DA:396,0
DA:397,0
DA:398,0
DA:401,0
DA:407,0
DA:408,0
DA:411,0
DA:414,0
DA:417,0
DA:422,0
DA:429,0
DA:442,0
DA:443,0
DA:444,0
DA:455,0
DA:457,0
DA:458,0
DA:465,0
DA:466,0
DA:470,0
DA:471,0
DA:475,0
DA:476,0
DA:480,0
DA:481,0
DA:485,0
DA:486,0
DA:490,0
DA:491,0
DA:496,0
DA:499,0
DA:503,0
DA:507,0
DA:511,0
DA:515,0
DA:519,0
DA:523,0
DA:526,0
DA:528,0
DA:529,0
DA:530,0
DA:532,0
DA:533,0
DA:538,0
DA:539,0
DA:540,0
DA:544,0
LF:147
LH:0
BRDA:127,0,0,0
BRDA:127,0,1,0
BRDA:141,1,0,0
BRDA:141,1,1,0
BRDA:155,2,0,0
BRDA:155,2,1,0
BRDA:169,3,0,0
BRDA:169,3,1,0
BRDA:183,4,0,0
BRDA:183,4,1,0
BRDA:228,5,0,0
BRDA:228,5,1,0
BRDA:248,6,0,0
BRDA:248,6,1,0
BRDA:252,7,0,0
BRDA:252,7,1,0
BRDA:277,8,0,0
BRDA:277,8,1,0
BRDA:296,9,0,0
BRDA:296,9,1,0
BRDA:317,10,0,0
BRDA:317,10,1,0
BRDA:320,11,0,0
BRDA:320,11,1,0
BRDA:374,12,0,0
BRDA:374,12,1,0
BRDA:396,13,0,0
BRDA:396,13,1,0
BRDA:499,14,0,0
BRDA:499,14,1,0
BRDA:507,15,0,0
BRDA:507,15,1,0
BRDA:519,16,0,0
BRDA:519,16,1,0
BRDA:528,17,0,0
BRDA:528,17,1,0
BRDA:530,18,0,0
BRDA:530,18,1,0
BRDA:533,19,0,0
BRDA:533,19,1,0
BRF:40
BRH:0
end_of_record
